<?xml version="1.0" encoding="UTF-8"?>
<!-- Generated by org.testng.reporters.JUnitReportReporter -->
<testsuite hostname="DESKTOP-FLUNI64" failures="0" tests="8" name="com.orangehrm.qa.testcases.AttendancePageTest" time="260.633" errors="1" timestamp="2024-12-11T11:54:26 IST" skipped="0">
  <testcase classname="com.orangehrm.qa.testcases.AttendancePageTest" name="calandar" time="39.930">
    <error message="Cannot invoke &quot;com.orangehrm.qa.util.TestUtil.waitForvisibilityOfElement(org.openqa.selenium.WebElement)&quot; because &quot;this.testutil&quot; is null" type="java.lang.NullPointerException">
      <![CDATA[java.lang.NullPointerException: Cannot invoke "com.orangehrm.qa.util.TestUtil.waitForvisibilityOfElement(org.openqa.selenium.WebElement)" because "this.testutil" is null
at com.orangehrm.qa.pages.AttendancePage.clickOnCalender(AttendancePage.java:94)
at com.orangehrm.qa.testcases.AttendancePageTest.calandar(AttendancePageTest.java:48)
at java.base/jdk.internal.reflect.DirectMethodHandleAccessor.invoke(DirectMethodHandleAccessor.java:103)
at java.base/java.lang.reflect.Method.invoke(Method.java:580)
at org.testng.internal.MethodInvocationHelper.invokeMethod(MethodInvocationHelper.java:133)
at org.testng.internal.TestInvoker.invokeMethod(TestInvoker.java:598)
at org.testng.internal.TestInvoker.invokeTestMethod(TestInvoker.java:173)
at org.testng.internal.MethodRunner.runInSequence(MethodRunner.java:46)
at org.testng.internal.TestInvoker$MethodInvocationAgent.invoke(TestInvoker.java:824)
at org.testng.internal.TestInvoker.invokeTestMethods(TestInvoker.java:146)
at org.testng.internal.TestMethodWorker.invokeTestMethods(TestMethodWorker.java:146)
at org.testng.internal.TestMethodWorker.run(TestMethodWorker.java:128)
at java.base/java.util.ArrayList.forEach(ArrayList.java:1597)
at org.testng.TestRunner.privateRun(TestRunner.java:794)
at org.testng.TestRunner.run(TestRunner.java:596)
at org.testng.SuiteRunner.runTest(SuiteRunner.java:377)
at org.testng.SuiteRunner.runSequentially(SuiteRunner.java:371)
at org.testng.SuiteRunner.privateRun(SuiteRunner.java:332)
at org.testng.SuiteRunner.run(SuiteRunner.java:276)
at org.testng.SuiteRunnerWorker.runSuite(SuiteRunnerWorker.java:53)
at org.testng.SuiteRunnerWorker.run(SuiteRunnerWorker.java:96)
at org.testng.TestNG.runSuitesSequentially(TestNG.java:1212)
at org.testng.TestNG.runSuitesLocally(TestNG.java:1134)
at org.testng.TestNG.runSuites(TestNG.java:1063)
at org.testng.TestNG.run(TestNG.java:1031)
at org.testng.remote.AbstractRemoteTestNG.run(AbstractRemoteTestNG.java:115)
at org.testng.remote.RemoteTestNG.initAndRun(RemoteTestNG.java:293)
at org.testng.remote.RemoteTestNG.main(RemoteTestNG.java:91)
]]>
    </error>
  </testcase> <!-- calandar -->
  <system-out/>
  <testcase classname="com.orangehrm.qa.testcases.AttendancePageTest" name="punchInHeaderTest" time="32.756"/>
  <system-out/>
  <testcase classname="com.orangehrm.qa.testcases.AttendancePageTest" name="dateLabelTest" time="23.860"/>
  <system-out/>
  <testcase classname="com.orangehrm.qa.testcases.AttendancePageTest" name="timeLabelTest" time="23.269"/>
  <system-out/>
  <testcase classname="com.orangehrm.qa.testcases.AttendancePageTest" name="noteLabelTest" time="23.128"/>
  <system-out/>
  <testcase classname="com.orangehrm.qa.testcases.AttendancePageTest" name="textAreaTest" time="57.010"/>
  <system-out/>
  <testcase classname="com.orangehrm.qa.testcases.AttendancePageTest" name="requiredLabelTest" time="26.180"/>
  <system-out/>
  <testcase classname="com.orangehrm.qa.testcases.AttendancePageTest" name="clickOnInTest" time="34.500"/>
  <system-out/>
</testsuite> <!-- com.orangehrm.qa.testcases.AttendancePageTest -->
