<?xml version="1.0" encoding="UTF-8"?>
<!-- Generated by org.testng.reporters.JUnitReportReporter -->
<testsuite hostname="DESKTOP-FLUNI64" failures="0" tests="15" name="com.orangehrm.qa.testcases.ChangePasswordPageTest" time="510.353" errors="1" timestamp="2024-12-11T11:54:25 IST" skipped="0">
  <testcase classname="com.orangehrm.qa.testcases.ChangePasswordPageTest" name="changeHeaderUpdatePasswordTest" time="28.100"/>
  <system-out/>
  <testcase classname="com.orangehrm.qa.testcases.ChangePasswordPageTest" name="changeHeaderUsernameTest" time="28.001"/>
  <system-out/>
  <testcase classname="com.orangehrm.qa.testcases.ChangePasswordPageTest" name="changeUsernameAdminTest" time="29.796"/>
  <system-out/>
  <testcase classname="com.orangehrm.qa.testcases.ChangePasswordPageTest" name="changeCurrentPasswordTest" time="38.399"/>
  <system-out/>
  <testcase classname="com.orangehrm.qa.testcases.ChangePasswordPageTest" name="changeCurrentPasswordValueTest" time="47.512"/>
  <system-out/>
  <testcase classname="com.orangehrm.qa.testcases.ChangePasswordPageTest" name="changePasswordTest" time="25.850"/>
  <system-out/>
  <testcase classname="com.orangehrm.qa.testcases.ChangePasswordPageTest" name="changePasswordValueTest" time="31.734"/>
  <system-out/>
  <testcase classname="com.orangehrm.qa.testcases.ChangePasswordPageTest" name="changeConfirmPasswordTest" time="29.120"/>
  <system-out/>
  <testcase classname="com.orangehrm.qa.testcases.ChangePasswordPageTest" name="changeConfirmPasswordValueTest" time="29.570"/>
  <system-out/>
  <testcase classname="com.orangehrm.qa.testcases.ChangePasswordPageTest" name="changeUserPasswordHintTest" time="29.507"/>
  <system-out/>
  <testcase classname="com.orangehrm.qa.testcases.ChangePasswordPageTest" name="changeRequiredTextTest" time="27.240"/>
  <system-out/>
  <testcase classname="com.orangehrm.qa.testcases.ChangePasswordPageTest" name="changeCancelButtonTest" time="55.010">
    <error message="no such element: Unable to locate element: {&quot;method&quot;:&quot;xpath&quot;,&quot;selector&quot;:&quot;//button[normalize-space()=&#039;Cancel&#039;]&quot;}
  (Session info: chrome=131.0.6778.139)
For documentation on this error, please visit: https://www.selenium.dev/documentation/webdriver/troubleshooting/errors#no-such-element-exception
Build info: version: &#039;4.27.0&#039;, revision: &#039;d6e718d134&#039;
System info: os.name: &#039;Windows 10&#039;, os.arch: &#039;amd64&#039;, os.version: &#039;10.0&#039;, java.version: &#039;23&#039;
Driver info: org.openqa.selenium.chrome.ChromeDriver
Command: [1279114d7c879a4c2b65fea308fb8193, findElement {value=//button[normalize-space()=&#039;Cancel&#039;], using=xpath}]
Capabilities {acceptInsecureCerts: false, browserName: chrome, browserVersion: 131.0.6778.139, chrome: {chromedriverVersion: 131.0.6778.85 (3d81e41b6f3a..., userDataDir: C:\Users\yuvan\AppData\Loca...}, fedcm:accounts: true, goog:chromeOptions: {debuggerAddress: localhost:53026}, networkConnectionEnabled: false, pageLoadStrategy: normal, platformName: windows, proxy: Proxy(), se:cdp: ws://localhost:53026/devtoo..., se:cdpVersion: 131.0.6778.139, setWindowRect: true, strictFileInteractability: false, timeouts: {implicit: 0, pageLoad: 300000, script: 30000}, unhandledPromptBehavior: dismiss and notify, webauthn:extension:credBlob: true, webauthn:extension:largeBlob: true, webauthn:extension:minPinLength: true, webauthn:extension:prf: true, webauthn:virtualAuthenticators: true}
Session ID: 1279114d7c879a4c2b65fea308fb8193" type="org.openqa.selenium.NoSuchElementException">
      <![CDATA[org.openqa.selenium.NoSuchElementException: no such element: Unable to locate element: {"method":"xpath","selector":"//button[normalize-space()='Cancel']"}
  (Session info: chrome=131.0.6778.139)
For documentation on this error, please visit: https://www.selenium.dev/documentation/webdriver/troubleshooting/errors#no-such-element-exception
Build info: version: '4.27.0', revision: 'd6e718d134'
System info: os.name: 'Windows 10', os.arch: 'amd64', os.version: '10.0', java.version: '23'
Driver info: org.openqa.selenium.chrome.ChromeDriver
Command: [1279114d7c879a4c2b65fea308fb8193, findElement {value=//button[normalize-space()='Cancel'], using=xpath}]
Capabilities {acceptInsecureCerts: false, browserName: chrome, browserVersion: 131.0.6778.139, chrome: {chromedriverVersion: 131.0.6778.85 (3d81e41b6f3a..., userDataDir: C:\Users\yuvan\AppData\Loca...}, fedcm:accounts: true, goog:chromeOptions: {debuggerAddress: localhost:53026}, networkConnectionEnabled: false, pageLoadStrategy: normal, platformName: windows, proxy: Proxy(), se:cdp: ws://localhost:53026/devtoo..., se:cdpVersion: 131.0.6778.139, setWindowRect: true, strictFileInteractability: false, timeouts: {implicit: 0, pageLoad: 300000, script: 30000}, unhandledPromptBehavior: dismiss and notify, webauthn:extension:credBlob: true, webauthn:extension:largeBlob: true, webauthn:extension:minPinLength: true, webauthn:extension:prf: true, webauthn:virtualAuthenticators: true}
Session ID: 1279114d7c879a4c2b65fea308fb8193
at java.base/jdk.internal.reflect.DirectConstructorHandleAccessor.newInstance(DirectConstructorHandleAccessor.java:62)
at java.base/java.lang.reflect.Constructor.newInstanceWithCaller(Constructor.java:501)
at java.base/java.lang.reflect.Constructor.newInstance(Constructor.java:485)
at org.openqa.selenium.remote.ErrorCodec.decode(ErrorCodec.java:167)
at org.openqa.selenium.remote.codec.w3c.W3CHttpResponseCodec.decode(W3CHttpResponseCodec.java:138)
at org.openqa.selenium.remote.codec.w3c.W3CHttpResponseCodec.decode(W3CHttpResponseCodec.java:50)
at org.openqa.selenium.remote.HttpCommandExecutor.execute(HttpCommandExecutor.java:190)
at org.openqa.selenium.remote.service.DriverCommandExecutor.invokeExecute(DriverCommandExecutor.java:216)
at org.openqa.selenium.remote.service.DriverCommandExecutor.execute(DriverCommandExecutor.java:174)
at org.openqa.selenium.remote.RemoteWebDriver.execute(RemoteWebDriver.java:545)
at org.openqa.selenium.remote.ElementLocation$ElementFinder$2.findElement(ElementLocation.java:165)
at org.openqa.selenium.remote.ElementLocation.findElement(ElementLocation.java:59)
at org.openqa.selenium.remote.RemoteWebDriver.findElement(RemoteWebDriver.java:368)
at org.openqa.selenium.remote.RemoteWebDriver.findElement(RemoteWebDriver.java:362)
at org.openqa.selenium.support.pagefactory.DefaultElementLocator.findElement(DefaultElementLocator.java:68)
at org.openqa.selenium.support.pagefactory.internal.LocatingElementHandler.invoke(LocatingElementHandler.java:38)
at jdk.proxy2/jdk.proxy2.$Proxy28.isEnabled(Unknown Source)
at com.orangehrm.qa.pages.ChangePasswordPage.changeCancelButton(ChangePasswordPage.java:137)
at com.orangehrm.qa.testcases.ChangePasswordPageTest.changeCancelButtonTest(ChangePasswordPageTest.java:125)
at java.base/jdk.internal.reflect.DirectMethodHandleAccessor.invoke(DirectMethodHandleAccessor.java:103)
at java.base/java.lang.reflect.Method.invoke(Method.java:580)
at org.testng.internal.MethodInvocationHelper.invokeMethod(MethodInvocationHelper.java:133)
at org.testng.internal.TestInvoker.invokeMethod(TestInvoker.java:598)
at org.testng.internal.TestInvoker.invokeTestMethod(TestInvoker.java:173)
at org.testng.internal.MethodRunner.runInSequence(MethodRunner.java:46)
at org.testng.internal.TestInvoker$MethodInvocationAgent.invoke(TestInvoker.java:824)
at org.testng.internal.TestInvoker.invokeTestMethods(TestInvoker.java:146)
at org.testng.internal.TestMethodWorker.invokeTestMethods(TestMethodWorker.java:146)
at org.testng.internal.TestMethodWorker.run(TestMethodWorker.java:128)
at java.base/java.util.ArrayList.forEach(ArrayList.java:1597)
at org.testng.TestRunner.privateRun(TestRunner.java:794)
at org.testng.TestRunner.run(TestRunner.java:596)
at org.testng.SuiteRunner.runTest(SuiteRunner.java:377)
at org.testng.SuiteRunner.runSequentially(SuiteRunner.java:371)
at org.testng.SuiteRunner.privateRun(SuiteRunner.java:332)
at org.testng.SuiteRunner.run(SuiteRunner.java:276)
at org.testng.SuiteRunnerWorker.runSuite(SuiteRunnerWorker.java:53)
at org.testng.SuiteRunnerWorker.run(SuiteRunnerWorker.java:96)
at org.testng.TestNG.runSuitesSequentially(TestNG.java:1212)
at org.testng.TestNG.runSuitesLocally(TestNG.java:1134)
at org.testng.TestNG.runSuites(TestNG.java:1063)
at org.testng.TestNG.run(TestNG.java:1031)
at org.testng.remote.AbstractRemoteTestNG.run(AbstractRemoteTestNG.java:115)
at org.testng.remote.RemoteTestNG.initAndRun(RemoteTestNG.java:293)
at org.testng.remote.RemoteTestNG.main(RemoteTestNG.java:91)
]]>
    </error>
  </testcase> <!-- changeCancelButtonTest -->
  <system-out/>
  <testcase classname="com.orangehrm.qa.testcases.ChangePasswordPageTest" name="changeResetButtonTest" time="42.313"/>
  <system-out/>
  <testcase classname="com.orangehrm.qa.testcases.ChangePasswordPageTest" name="changeCurrentPasswordRequiredTest" time="35.590"/>
  <system-out/>
  <testcase classname="com.orangehrm.qa.testcases.ChangePasswordPageTest" name="changeCompleteResetButtonTest" time="32.611"/>
  <system-out/>
</testsuite> <!-- com.orangehrm.qa.testcases.ChangePasswordPageTest -->
