<?xml version="1.0" encoding="UTF-8"?>
<!-- Generated by org.testng.reporters.JUnitXMLReporter -->
<testsuite ignored="0" hostname="DESKTOP-FLUNI64" failures="5" tests="79" name="Smoke" time="2251.911" errors="0" timestamp="2024-12-11T11:54:08 IST">
  <testcase classname="com.orangehrm.qa.testcases.LoginPageTest" name="validateBrandLogoTest" time="0.826"/>
  <testcase classname="com.orangehrm.qa.testcases.LoginPageTest" name="validateLogoHeaderTest" time="1.186"/>
  <testcase classname="com.orangehrm.qa.testcases.LoginPageTest" name="validateDemoUserTest" time="1.164"/>
  <testcase classname="com.orangehrm.qa.testcases.LoginPageTest" name="validateDemoPasswordTest" time="1.121"/>
  <testcase classname="com.orangehrm.qa.testcases.LoginPageTest" name="validateIconUserTest" time="1.327"/>
  <testcase classname="com.orangehrm.qa.testcases.LoginPageTest" name="validateIconPersonTest" time="2.305"/>
  <testcase classname="com.orangehrm.qa.testcases.LoginPageTest" name="validateViewUsernameTest" time="1.304"/>
  <testcase classname="com.orangehrm.qa.testcases.LoginPageTest" name="validateViewPasswordTest" time="1.21"/>
  <testcase classname="com.orangehrm.qa.testcases.LoginPageTest" name="validateViewVersionTest" time="1.343"/>
  <testcase classname="com.orangehrm.qa.testcases.LoginPageTest" name="validateViewCopyRightsTest" time="1.325"/>
  <testcase classname="com.orangehrm.qa.testcases.LoginPageTest" name="validateViewSocialLinksTest" time="1.101"/>
  <testcase classname="com.orangehrm.qa.testcases.LoginPageTest" name="clickOnForgtPasswordLinkTest" time="3.004"/>
  <testcase classname="com.orangehrm.qa.testcases.LoginPageTest" name="clickOrangehrmWebsiteTest" time="20.84"/>
  <testcase classname="com.orangehrm.qa.testcases.LoginPageTest" name="verifyLoginTest" time="5.218"/>
  <testcase classname="com.orangehrm.qa.testcases.DashboardPageTest" name="upgradeLinkTest" time="11.284"/>
  <testcase classname="com.orangehrm.qa.testcases.DashboardPageTest" name="labelUsernameTest" time="2.277"/>
  <testcase classname="com.orangehrm.qa.testcases.DashboardPageTest" name="labelUsernameImageTest" time="0.83"/>
  <testcase classname="com.orangehrm.qa.testcases.DashboardPageTest" name="labelUsernameDropdownIconTest" time="3.164"/>
  <testcase classname="com.orangehrm.qa.testcases.DashboardPageTest" name="helpButtonTest" time="14.737"/>
  <testcase classname="com.orangehrm.qa.testcases.DashboardPageTest" name="headerDropdownAboutTest" time="14.047"/>
  <testcase classname="com.orangehrm.qa.testcases.DashboardPageTest" name="headerDropdownSupportTest" time="7.116"/>
  <testcase classname="com.orangehrm.qa.testcases.DashboardPageTest" name="headerDropdownChangePasswordTest" time="7.987"/>
  <testcase classname="com.orangehrm.qa.testcases.DashboardPageTest" name="headerDropdownLogout" time="9.517"/>
  <testcase classname="com.orangehrm.qa.testcases.DashboardPageTest" name="timeAtWorkclockIconTest" time="2.207"/>
  <testcase classname="com.orangehrm.qa.testcases.DashboardPageTest" name="timeAtWorkLabelTest" time="5.412"/>
  <testcase classname="com.orangehrm.qa.testcases.DashboardPageTest" name="imageUserTimeAtWorkTest" time="1.987"/>
  <testcase classname="com.orangehrm.qa.testcases.DashboardPageTest" name="punchedOutLabelTest" time="3.691"/>
  <testcase classname="com.orangehrm.qa.testcases.DashboardPageTest" name="punchedOutTimeTest" time="5.492"/>
  <testcase classname="com.orangehrm.qa.testcases.DashboardPageTest" name="timeTodayTest" time="2.647"/>
  <testcase classname="com.orangehrm.qa.testcases.DashboardPageTest" name="thisWeekTest" time="4.549"/>
  <testcase classname="com.orangehrm.qa.testcases.DashboardPageTest" name="employeeAttendanceChartTest" time="2.91"/>
  <testcase classname="com.orangehrm.qa.testcases.DashboardPageTest" name="stopWatchTest" time="39.55">
    <failure type="org.openqa.selenium.NoSuchElementException" message="no such element: Unable to locate element: {&amp;quot;method&amp;quot;:&amp;quot;xpath&amp;quot;,&amp;quot;selector&amp;quot;:&amp;quot;//h6[normalize-space()=&amp;apos;Punch In&amp;apos;]&amp;quot;}
  (Session info: chrome=131.0.6778.139)
For documentation on this error, please visit: https://www.selenium.dev/documentation/webdriver/troubleshooting/errors#no-such-element-exception
Build info: version: &amp;apos;4.27.0&amp;apos;, revision: &amp;apos;d6e718d134&amp;apos;
System info: os.name: &amp;apos;Windows 10&amp;apos;, os.arch: &amp;apos;amd64&amp;apos;, os.version: &amp;apos;10.0&amp;apos;, java.version: &amp;apos;23&amp;apos;
Driver info: org.openqa.selenium.chrome.ChromeDriver
Command: [a222bfa3b1a8c851b921969db485461d, findElement {value=//h6[normalize-space()=&amp;apos;Punch In&amp;apos;], using=xpath}]
Capabilities {acceptInsecureCerts: false, browserName: chrome, browserVersion: 131.0.6778.139, chrome: {chromedriverVersion: 131.0.6778.85 (3d81e41b6f3a..., userDataDir: C:\Users\yuvan\AppData\Loca...}, fedcm:accounts: true, goog:chromeOptions: {debuggerAddress: localhost:51415}, networkConnectionEnabled: false, pageLoadStrategy: normal, platformName: windows, proxy: Proxy(), se:cdp: ws://localhost:51415/devtoo..., se:cdpVersion: 131.0.6778.139, setWindowRect: true, strictFileInteractability: false, timeouts: {implicit: 0, pageLoad: 300000, script: 30000}, unhandledPromptBehavior: dismiss and notify, webauthn:extension:credBlob: true, webauthn:extension:largeBlob: true, webauthn:extension:minPinLength: true, webauthn:extension:prf: true, webauthn:virtualAuthenticators: true}
Session ID: a222bfa3b1a8c851b921969db485461d">
      <![CDATA[org.openqa.selenium.NoSuchElementException: no such element: Unable to locate element: {"method":"xpath","selector":"//h6[normalize-space()='Punch In']"}
  (Session info: chrome=131.0.6778.139)
For documentation on this error, please visit: https://www.selenium.dev/documentation/webdriver/troubleshooting/errors#no-such-element-exception
Build info: version: '4.27.0', revision: 'd6e718d134'
System info: os.name: 'Windows 10', os.arch: 'amd64', os.version: '10.0', java.version: '23'
Driver info: org.openqa.selenium.chrome.ChromeDriver
Command: [a222bfa3b1a8c851b921969db485461d, findElement {value=//h6[normalize-space()='Punch In'], using=xpath}]
Capabilities {acceptInsecureCerts: false, browserName: chrome, browserVersion: 131.0.6778.139, chrome: {chromedriverVersion: 131.0.6778.85 (3d81e41b6f3a..., userDataDir: C:\Users\yuvan\AppData\Loca...}, fedcm:accounts: true, goog:chromeOptions: {debuggerAddress: localhost:51415}, networkConnectionEnabled: false, pageLoadStrategy: normal, platformName: windows, proxy: Proxy(), se:cdp: ws://localhost:51415/devtoo..., se:cdpVersion: 131.0.6778.139, setWindowRect: true, strictFileInteractability: false, timeouts: {implicit: 0, pageLoad: 300000, script: 30000}, unhandledPromptBehavior: dismiss and notify, webauthn:extension:credBlob: true, webauthn:extension:largeBlob: true, webauthn:extension:minPinLength: true, webauthn:extension:prf: true, webauthn:virtualAuthenticators: true}
Session ID: a222bfa3b1a8c851b921969db485461d
at org.openqa.selenium.remote.ErrorCodec.decode(ErrorCodec.java:167)
at org.openqa.selenium.remote.codec.w3c.W3CHttpResponseCodec.decode(W3CHttpResponseCodec.java:138)
at org.openqa.selenium.remote.codec.w3c.W3CHttpResponseCodec.decode(W3CHttpResponseCodec.java:50)
at org.openqa.selenium.remote.HttpCommandExecutor.execute(HttpCommandExecutor.java:190)
at org.openqa.selenium.remote.service.DriverCommandExecutor.invokeExecute(DriverCommandExecutor.java:216)
at org.openqa.selenium.remote.service.DriverCommandExecutor.execute(DriverCommandExecutor.java:174)
at org.openqa.selenium.remote.RemoteWebDriver.execute(RemoteWebDriver.java:545)
at org.openqa.selenium.remote.ElementLocation$ElementFinder$2.findElement(ElementLocation.java:165)
at org.openqa.selenium.remote.ElementLocation.findElement(ElementLocation.java:59)
at org.openqa.selenium.remote.RemoteWebDriver.findElement(RemoteWebDriver.java:368)
at org.openqa.selenium.remote.RemoteWebDriver.findElement(RemoteWebDriver.java:362)
at org.openqa.selenium.support.pagefactory.DefaultElementLocator.findElement(DefaultElementLocator.java:68)
at org.openqa.selenium.support.pagefactory.internal.LocatingElementHandler.invoke(LocatingElementHandler.java:38)
at jdk.proxy2/jdk.proxy2.$Proxy28.isDisplayed(Unknown Source)
at com.orangehrm.qa.pages.AttendancePage.punchInHeader(AttendancePage.java:40)
at com.orangehrm.qa.testcases.DashboardPageTest.stopWatchTest(DashboardPageTest.java:213)
at java.base/java.util.ArrayList.forEach(ArrayList.java:1597)
... Removed 28 stack frames]]>
    </failure>
  </testcase> <!-- stopWatchTest -->
  <testcase classname="com.orangehrm.qa.testcases.ForgotPasswordPageTest" name="headerResetPasswordTest" time="1.156"/>
  <testcase classname="com.orangehrm.qa.testcases.ForgotPasswordPageTest" name="descriptionTextTest" time="1.205"/>
  <testcase classname="com.orangehrm.qa.testcases.ForgotPasswordPageTest" name="iconPersonTest" time="0.599"/>
  <testcase classname="com.orangehrm.qa.testcases.ForgotPasswordPageTest" name="labelUsernameTest" time="0.802"/>
  <testcase classname="com.orangehrm.qa.testcases.ForgotPasswordPageTest" name="labelVersionTest" time="0.606"/>
  <testcase classname="com.orangehrm.qa.testcases.ForgotPasswordPageTest" name="clickCancelButtonTest" time="31.411">
    <failure type="org.openqa.selenium.NoSuchElementException" message="no such element: Unable to locate element: {&amp;quot;method&amp;quot;:&amp;quot;xpath&amp;quot;,&amp;quot;selector&amp;quot;:&amp;quot;//h5[normalize-space()=&amp;quot;Login&amp;quot;]&amp;quot;}
  (Session info: chrome=131.0.6778.139)
For documentation on this error, please visit: https://www.selenium.dev/documentation/webdriver/troubleshooting/errors#no-such-element-exception
Build info: version: &amp;apos;4.27.0&amp;apos;, revision: &amp;apos;d6e718d134&amp;apos;
System info: os.name: &amp;apos;Windows 10&amp;apos;, os.arch: &amp;apos;amd64&amp;apos;, os.version: &amp;apos;10.0&amp;apos;, java.version: &amp;apos;23&amp;apos;
Driver info: org.openqa.selenium.chrome.ChromeDriver
Command: [35c8e2aee716391657cabe0a11e7652b, findElement {value=//h5[normalize-space()=&amp;quot;Login&amp;quot;], using=xpath}]
Capabilities {acceptInsecureCerts: false, browserName: chrome, browserVersion: 131.0.6778.139, chrome: {chromedriverVersion: 131.0.6778.85 (3d81e41b6f3a..., userDataDir: C:\Users\yuvan\AppData\Loca...}, fedcm:accounts: true, goog:chromeOptions: {debuggerAddress: localhost:51595}, networkConnectionEnabled: false, pageLoadStrategy: normal, platformName: windows, proxy: Proxy(), se:cdp: ws://localhost:51595/devtoo..., se:cdpVersion: 131.0.6778.139, setWindowRect: true, strictFileInteractability: false, timeouts: {implicit: 0, pageLoad: 300000, script: 30000}, unhandledPromptBehavior: dismiss and notify, webauthn:extension:credBlob: true, webauthn:extension:largeBlob: true, webauthn:extension:minPinLength: true, webauthn:extension:prf: true, webauthn:virtualAuthenticators: true}
Session ID: 35c8e2aee716391657cabe0a11e7652b">
      <![CDATA[org.openqa.selenium.NoSuchElementException: no such element: Unable to locate element: {"method":"xpath","selector":"//h5[normalize-space()="Login"]"}
  (Session info: chrome=131.0.6778.139)
For documentation on this error, please visit: https://www.selenium.dev/documentation/webdriver/troubleshooting/errors#no-such-element-exception
Build info: version: '4.27.0', revision: 'd6e718d134'
System info: os.name: 'Windows 10', os.arch: 'amd64', os.version: '10.0', java.version: '23'
Driver info: org.openqa.selenium.chrome.ChromeDriver
Command: [35c8e2aee716391657cabe0a11e7652b, findElement {value=//h5[normalize-space()="Login"], using=xpath}]
Capabilities {acceptInsecureCerts: false, browserName: chrome, browserVersion: 131.0.6778.139, chrome: {chromedriverVersion: 131.0.6778.85 (3d81e41b6f3a..., userDataDir: C:\Users\yuvan\AppData\Loca...}, fedcm:accounts: true, goog:chromeOptions: {debuggerAddress: localhost:51595}, networkConnectionEnabled: false, pageLoadStrategy: normal, platformName: windows, proxy: Proxy(), se:cdp: ws://localhost:51595/devtoo..., se:cdpVersion: 131.0.6778.139, setWindowRect: true, strictFileInteractability: false, timeouts: {implicit: 0, pageLoad: 300000, script: 30000}, unhandledPromptBehavior: dismiss and notify, webauthn:extension:credBlob: true, webauthn:extension:largeBlob: true, webauthn:extension:minPinLength: true, webauthn:extension:prf: true, webauthn:virtualAuthenticators: true}
Session ID: 35c8e2aee716391657cabe0a11e7652b
at org.openqa.selenium.remote.ErrorCodec.decode(ErrorCodec.java:167)
at org.openqa.selenium.remote.codec.w3c.W3CHttpResponseCodec.decode(W3CHttpResponseCodec.java:138)
at org.openqa.selenium.remote.codec.w3c.W3CHttpResponseCodec.decode(W3CHttpResponseCodec.java:50)
at org.openqa.selenium.remote.HttpCommandExecutor.execute(HttpCommandExecutor.java:190)
at org.openqa.selenium.remote.service.DriverCommandExecutor.invokeExecute(DriverCommandExecutor.java:216)
at org.openqa.selenium.remote.service.DriverCommandExecutor.execute(DriverCommandExecutor.java:174)
at org.openqa.selenium.remote.RemoteWebDriver.execute(RemoteWebDriver.java:545)
at org.openqa.selenium.remote.ElementLocation$ElementFinder$2.findElement(ElementLocation.java:165)
at org.openqa.selenium.remote.ElementLocation.findElement(ElementLocation.java:59)
at org.openqa.selenium.remote.RemoteWebDriver.findElement(RemoteWebDriver.java:368)
at org.openqa.selenium.remote.RemoteWebDriver.findElement(RemoteWebDriver.java:362)
at org.openqa.selenium.support.pagefactory.DefaultElementLocator.findElement(DefaultElementLocator.java:68)
at org.openqa.selenium.support.pagefactory.internal.LocatingElementHandler.invoke(LocatingElementHandler.java:38)
at jdk.proxy2/jdk.proxy2.$Proxy28.isDisplayed(Unknown Source)
at com.orangehrm.qa.pages.LoginPage.validateLogoHeader(LoginPage.java:62)
at com.orangehrm.qa.testcases.ForgotPasswordPageTest.clickCancelButtonTest(ForgotPasswordPageTest.java:76)
at java.base/java.util.ArrayList.forEach(ArrayList.java:1597)
... Removed 28 stack frames]]>
    </failure>
  </testcase> <!-- clickCancelButtonTest -->
  <testcase classname="com.orangehrm.qa.testcases.ForgotPasswordPageTest" name="clickResetButtonTest" time="30.109">
    <failure type="org.openqa.selenium.NoSuchElementException" message="no such element: Unable to locate element: {&amp;quot;method&amp;quot;:&amp;quot;xpath&amp;quot;,&amp;quot;selector&amp;quot;:&amp;quot;//button[normalize-space()=&amp;apos;Reset Password&amp;apos;]&amp;quot;}
  (Session info: chrome=131.0.6778.139)
For documentation on this error, please visit: https://www.selenium.dev/documentation/webdriver/troubleshooting/errors#no-such-element-exception
Build info: version: &amp;apos;4.27.0&amp;apos;, revision: &amp;apos;d6e718d134&amp;apos;
System info: os.name: &amp;apos;Windows 10&amp;apos;, os.arch: &amp;apos;amd64&amp;apos;, os.version: &amp;apos;10.0&amp;apos;, java.version: &amp;apos;23&amp;apos;
Driver info: org.openqa.selenium.chrome.ChromeDriver
Command: [6fea354b8aabfc7489b86abbcc95aae8, findElement {value=//button[normalize-space()=&amp;apos;Reset Password&amp;apos;], using=xpath}]
Capabilities {acceptInsecureCerts: false, browserName: chrome, browserVersion: 131.0.6778.139, chrome: {chromedriverVersion: 131.0.6778.85 (3d81e41b6f3a..., userDataDir: C:\Users\yuvan\AppData\Loca...}, fedcm:accounts: true, goog:chromeOptions: {debuggerAddress: localhost:51622}, networkConnectionEnabled: false, pageLoadStrategy: normal, platformName: windows, proxy: Proxy(), se:cdp: ws://localhost:51622/devtoo..., se:cdpVersion: 131.0.6778.139, setWindowRect: true, strictFileInteractability: false, timeouts: {implicit: 0, pageLoad: 300000, script: 30000}, unhandledPromptBehavior: dismiss and notify, webauthn:extension:credBlob: true, webauthn:extension:largeBlob: true, webauthn:extension:minPinLength: true, webauthn:extension:prf: true, webauthn:virtualAuthenticators: true}
Session ID: 6fea354b8aabfc7489b86abbcc95aae8">
      <![CDATA[org.openqa.selenium.NoSuchElementException: no such element: Unable to locate element: {"method":"xpath","selector":"//button[normalize-space()='Reset Password']"}
  (Session info: chrome=131.0.6778.139)
For documentation on this error, please visit: https://www.selenium.dev/documentation/webdriver/troubleshooting/errors#no-such-element-exception
Build info: version: '4.27.0', revision: 'd6e718d134'
System info: os.name: 'Windows 10', os.arch: 'amd64', os.version: '10.0', java.version: '23'
Driver info: org.openqa.selenium.chrome.ChromeDriver
Command: [6fea354b8aabfc7489b86abbcc95aae8, findElement {value=//button[normalize-space()='Reset Password'], using=xpath}]
Capabilities {acceptInsecureCerts: false, browserName: chrome, browserVersion: 131.0.6778.139, chrome: {chromedriverVersion: 131.0.6778.85 (3d81e41b6f3a..., userDataDir: C:\Users\yuvan\AppData\Loca...}, fedcm:accounts: true, goog:chromeOptions: {debuggerAddress: localhost:51622}, networkConnectionEnabled: false, pageLoadStrategy: normal, platformName: windows, proxy: Proxy(), se:cdp: ws://localhost:51622/devtoo..., se:cdpVersion: 131.0.6778.139, setWindowRect: true, strictFileInteractability: false, timeouts: {implicit: 0, pageLoad: 300000, script: 30000}, unhandledPromptBehavior: dismiss and notify, webauthn:extension:credBlob: true, webauthn:extension:largeBlob: true, webauthn:extension:minPinLength: true, webauthn:extension:prf: true, webauthn:virtualAuthenticators: true}
Session ID: 6fea354b8aabfc7489b86abbcc95aae8
at org.openqa.selenium.remote.ErrorCodec.decode(ErrorCodec.java:167)
at org.openqa.selenium.remote.codec.w3c.W3CHttpResponseCodec.decode(W3CHttpResponseCodec.java:138)
at org.openqa.selenium.remote.codec.w3c.W3CHttpResponseCodec.decode(W3CHttpResponseCodec.java:50)
at org.openqa.selenium.remote.HttpCommandExecutor.execute(HttpCommandExecutor.java:190)
at org.openqa.selenium.remote.service.DriverCommandExecutor.invokeExecute(DriverCommandExecutor.java:216)
at org.openqa.selenium.remote.service.DriverCommandExecutor.execute(DriverCommandExecutor.java:174)
at org.openqa.selenium.remote.RemoteWebDriver.execute(RemoteWebDriver.java:545)
at org.openqa.selenium.remote.ElementLocation$ElementFinder$2.findElement(ElementLocation.java:165)
at org.openqa.selenium.remote.ElementLocation.findElement(ElementLocation.java:59)
at org.openqa.selenium.remote.RemoteWebDriver.findElement(RemoteWebDriver.java:368)
at org.openqa.selenium.remote.RemoteWebDriver.findElement(RemoteWebDriver.java:362)
at org.openqa.selenium.support.pagefactory.DefaultElementLocator.findElement(DefaultElementLocator.java:68)
at org.openqa.selenium.support.pagefactory.internal.LocatingElementHandler.invoke(LocatingElementHandler.java:38)
at jdk.proxy2/jdk.proxy2.$Proxy28.click(Unknown Source)
at com.orangehrm.qa.pages.ForgotPasswordPage.clickResetButton(ForgotPasswordPage.java:85)
at com.orangehrm.qa.testcases.ForgotPasswordPageTest.clickResetButtonTest(ForgotPasswordPageTest.java:84)
at java.base/java.util.ArrayList.forEach(ArrayList.java:1597)
... Removed 28 stack frames]]>
    </failure>
  </testcase> <!-- clickResetButtonTest -->
  <testcase classname="com.orangehrm.qa.testcases.ForgotPasswordPageTest" name="enterUsernameTest" time="4.967"/>
  <testcase classname="com.orangehrm.qa.testcases.ForgotPasswordPageTest" name="clickMainPageLinkTest" time="34.113"/>
  <testcase classname="com.orangehrm.qa.testcases.SupportPageTest" name="supportDescriptionTest" time="0.915"/>
  <testcase classname="com.orangehrm.qa.testcases.SupportPageTest" name="supportInformationTest" time="0.992"/>
  <testcase classname="com.orangehrm.qa.testcases.SupportPageTest" name="supportConnactSupportTest" time="0.79"/>
  <testcase classname="com.orangehrm.qa.testcases.SupportPageTest" name="supportversionTest" time="1.009"/>
  <testcase classname="com.orangehrm.qa.testcases.SupportPageTest" name="supportCopyrightsTest" time="1.133"/>
  <testcase classname="com.orangehrm.qa.testcases.SupportPageTest" name="supportMainWebsiteTest" time="20.425"/>
  <testcase classname="com.orangehrm.qa.testcases.AboutPageTest" name="aboutHeaderTest" time="0.21"/>
  <testcase classname="com.orangehrm.qa.testcases.AboutPageTest" name="aboutCompanyNameTest" time="0.46"/>
  <testcase classname="com.orangehrm.qa.testcases.AboutPageTest" name="aboutVersionTest" time="1.07"/>
  <testcase classname="com.orangehrm.qa.testcases.AboutPageTest" name="aboutActiveEmployeesTest" time="0.504"/>
  <testcase classname="com.orangehrm.qa.testcases.AboutPageTest" name="aboutEmployeesTerminatedTest" time="0.35"/>
  <testcase classname="com.orangehrm.qa.testcases.AboutPageTest" name="aboutCompanyNameValueTest" time="0.732"/>
  <testcase classname="com.orangehrm.qa.testcases.AboutPageTest" name="aboutVersionValueTest" time="0.721"/>
  <testcase classname="com.orangehrm.qa.testcases.AboutPageTest" name="aboutActiveEmployeesValueTest" time="3.056"/>
  <testcase classname="com.orangehrm.qa.testcases.AboutPageTest" name="aboutEmployeesTerminatedValueTest" time="0.926"/>
  <testcase classname="com.orangehrm.qa.testcases.ChangePasswordPageTest" name="changeHeaderUpdatePasswordTest" time="0.774"/>
  <testcase classname="com.orangehrm.qa.testcases.ChangePasswordPageTest" name="changeHeaderUsernameTest" time="0.96"/>
  <testcase classname="com.orangehrm.qa.testcases.ChangePasswordPageTest" name="changeUsernameAdminTest" time="0.662"/>
  <testcase classname="com.orangehrm.qa.testcases.ChangePasswordPageTest" name="changeCurrentPasswordTest" time="0.823"/>
  <testcase classname="com.orangehrm.qa.testcases.ChangePasswordPageTest" name="changeCurrentPasswordValueTest" time="1.124"/>
  <testcase classname="com.orangehrm.qa.testcases.ChangePasswordPageTest" name="changePasswordTest" time="0.782"/>
  <testcase classname="com.orangehrm.qa.testcases.ChangePasswordPageTest" name="changePasswordValueTest" time="1.097"/>
  <testcase classname="com.orangehrm.qa.testcases.ChangePasswordPageTest" name="changeConfirmPasswordTest" time="1.068"/>
  <testcase classname="com.orangehrm.qa.testcases.ChangePasswordPageTest" name="changeConfirmPasswordValueTest" time="1.059"/>
  <testcase classname="com.orangehrm.qa.testcases.ChangePasswordPageTest" name="changeUserPasswordHintTest" time="0.93"/>
  <testcase classname="com.orangehrm.qa.testcases.ChangePasswordPageTest" name="changeRequiredTextTest" time="1.002"/>
  <testcase classname="com.orangehrm.qa.testcases.ChangePasswordPageTest" name="changeCancelButtonTest" time="31.944">
    <failure type="org.openqa.selenium.NoSuchElementException" message="no such element: Unable to locate element: {&amp;quot;method&amp;quot;:&amp;quot;xpath&amp;quot;,&amp;quot;selector&amp;quot;:&amp;quot;//button[normalize-space()=&amp;apos;Cancel&amp;apos;]&amp;quot;}
  (Session info: chrome=131.0.6778.139)
For documentation on this error, please visit: https://www.selenium.dev/documentation/webdriver/troubleshooting/errors#no-such-element-exception
Build info: version: &amp;apos;4.27.0&amp;apos;, revision: &amp;apos;d6e718d134&amp;apos;
System info: os.name: &amp;apos;Windows 10&amp;apos;, os.arch: &amp;apos;amd64&amp;apos;, os.version: &amp;apos;10.0&amp;apos;, java.version: &amp;apos;23&amp;apos;
Driver info: org.openqa.selenium.chrome.ChromeDriver
Command: [1279114d7c879a4c2b65fea308fb8193, findElement {value=//button[normalize-space()=&amp;apos;Cancel&amp;apos;], using=xpath}]
Capabilities {acceptInsecureCerts: false, browserName: chrome, browserVersion: 131.0.6778.139, chrome: {chromedriverVersion: 131.0.6778.85 (3d81e41b6f3a..., userDataDir: C:\Users\yuvan\AppData\Loca...}, fedcm:accounts: true, goog:chromeOptions: {debuggerAddress: localhost:53026}, networkConnectionEnabled: false, pageLoadStrategy: normal, platformName: windows, proxy: Proxy(), se:cdp: ws://localhost:53026/devtoo..., se:cdpVersion: 131.0.6778.139, setWindowRect: true, strictFileInteractability: false, timeouts: {implicit: 0, pageLoad: 300000, script: 30000}, unhandledPromptBehavior: dismiss and notify, webauthn:extension:credBlob: true, webauthn:extension:largeBlob: true, webauthn:extension:minPinLength: true, webauthn:extension:prf: true, webauthn:virtualAuthenticators: true}
Session ID: 1279114d7c879a4c2b65fea308fb8193">
      <![CDATA[org.openqa.selenium.NoSuchElementException: no such element: Unable to locate element: {"method":"xpath","selector":"//button[normalize-space()='Cancel']"}
  (Session info: chrome=131.0.6778.139)
For documentation on this error, please visit: https://www.selenium.dev/documentation/webdriver/troubleshooting/errors#no-such-element-exception
Build info: version: '4.27.0', revision: 'd6e718d134'
System info: os.name: 'Windows 10', os.arch: 'amd64', os.version: '10.0', java.version: '23'
Driver info: org.openqa.selenium.chrome.ChromeDriver
Command: [1279114d7c879a4c2b65fea308fb8193, findElement {value=//button[normalize-space()='Cancel'], using=xpath}]
Capabilities {acceptInsecureCerts: false, browserName: chrome, browserVersion: 131.0.6778.139, chrome: {chromedriverVersion: 131.0.6778.85 (3d81e41b6f3a..., userDataDir: C:\Users\yuvan\AppData\Loca...}, fedcm:accounts: true, goog:chromeOptions: {debuggerAddress: localhost:53026}, networkConnectionEnabled: false, pageLoadStrategy: normal, platformName: windows, proxy: Proxy(), se:cdp: ws://localhost:53026/devtoo..., se:cdpVersion: 131.0.6778.139, setWindowRect: true, strictFileInteractability: false, timeouts: {implicit: 0, pageLoad: 300000, script: 30000}, unhandledPromptBehavior: dismiss and notify, webauthn:extension:credBlob: true, webauthn:extension:largeBlob: true, webauthn:extension:minPinLength: true, webauthn:extension:prf: true, webauthn:virtualAuthenticators: true}
Session ID: 1279114d7c879a4c2b65fea308fb8193
at org.openqa.selenium.remote.ErrorCodec.decode(ErrorCodec.java:167)
at org.openqa.selenium.remote.codec.w3c.W3CHttpResponseCodec.decode(W3CHttpResponseCodec.java:138)
at org.openqa.selenium.remote.codec.w3c.W3CHttpResponseCodec.decode(W3CHttpResponseCodec.java:50)
at org.openqa.selenium.remote.HttpCommandExecutor.execute(HttpCommandExecutor.java:190)
at org.openqa.selenium.remote.service.DriverCommandExecutor.invokeExecute(DriverCommandExecutor.java:216)
at org.openqa.selenium.remote.service.DriverCommandExecutor.execute(DriverCommandExecutor.java:174)
at org.openqa.selenium.remote.RemoteWebDriver.execute(RemoteWebDriver.java:545)
at org.openqa.selenium.remote.ElementLocation$ElementFinder$2.findElement(ElementLocation.java:165)
at org.openqa.selenium.remote.ElementLocation.findElement(ElementLocation.java:59)
at org.openqa.selenium.remote.RemoteWebDriver.findElement(RemoteWebDriver.java:368)
at org.openqa.selenium.remote.RemoteWebDriver.findElement(RemoteWebDriver.java:362)
at org.openqa.selenium.support.pagefactory.DefaultElementLocator.findElement(DefaultElementLocator.java:68)
at org.openqa.selenium.support.pagefactory.internal.LocatingElementHandler.invoke(LocatingElementHandler.java:38)
at jdk.proxy2/jdk.proxy2.$Proxy28.isEnabled(Unknown Source)
at com.orangehrm.qa.pages.ChangePasswordPage.changeCancelButton(ChangePasswordPage.java:137)
at com.orangehrm.qa.testcases.ChangePasswordPageTest.changeCancelButtonTest(ChangePasswordPageTest.java:125)
at java.base/java.util.ArrayList.forEach(ArrayList.java:1597)
... Removed 28 stack frames]]>
    </failure>
  </testcase> <!-- changeCancelButtonTest -->
  <testcase classname="com.orangehrm.qa.testcases.ChangePasswordPageTest" name="changeResetButtonTest" time="0.859"/>
  <testcase classname="com.orangehrm.qa.testcases.ChangePasswordPageTest" name="changeCurrentPasswordRequiredTest" time="2.156"/>
  <testcase classname="com.orangehrm.qa.testcases.ChangePasswordPageTest" name="changeCompleteResetButtonTest" time="6.064"/>
  <testcase classname="com.orangehrm.qa.testcases.AttendancePageTest" name="calandar" time="2.833">
    <failure type="java.lang.NullPointerException" message="Cannot invoke &amp;quot;com.orangehrm.qa.util.TestUtil.waitForvisibilityOfElement(org.openqa.selenium.WebElement)&amp;quot; because &amp;quot;this.testutil&amp;quot; is null">
      <![CDATA[java.lang.NullPointerException: Cannot invoke "com.orangehrm.qa.util.TestUtil.waitForvisibilityOfElement(org.openqa.selenium.WebElement)" because "this.testutil" is null
at com.orangehrm.qa.pages.AttendancePage.clickOnCalender(AttendancePage.java:94)
at com.orangehrm.qa.testcases.AttendancePageTest.calandar(AttendancePageTest.java:48)
at java.base/java.util.ArrayList.forEach(ArrayList.java:1597)
... Removed 25 stack frames]]>
    </failure>
  </testcase> <!-- calandar -->
  <testcase classname="com.orangehrm.qa.testcases.AttendancePageTest" name="punchInHeaderTest" time="1.239"/>
  <testcase classname="com.orangehrm.qa.testcases.AttendancePageTest" name="dateLabelTest" time="0.783"/>
  <testcase classname="com.orangehrm.qa.testcases.AttendancePageTest" name="timeLabelTest" time="1.285"/>
  <testcase classname="com.orangehrm.qa.testcases.AttendancePageTest" name="noteLabelTest" time="0.664"/>
  <testcase classname="com.orangehrm.qa.testcases.AttendancePageTest" name="textAreaTest" time="15.24"/>
  <testcase classname="com.orangehrm.qa.testcases.AttendancePageTest" name="requiredLabelTest" time="0.833"/>
  <testcase classname="com.orangehrm.qa.testcases.AttendancePageTest" name="clickOnInTest" time="7.047"/>
</testsuite> <!-- Smoke -->
