<?xml version="1.0" encoding="UTF-8"?>
<testng-results ignored="0" total="79" passed="74" failed="5" skipped="0">
  <reporter-output>
  </reporter-output>
  <suite started-at="2024-12-11T11:16:29 IST" name="OrangeHRM" finished-at="2024-12-11T11:54:01 IST" duration-ms="2251911">
    <groups>
    </groups>
    <test started-at="2024-12-11T11:16:29 IST" name="Smoke" finished-at="2024-12-11T11:54:01 IST" duration-ms="2251911">
      <class name="com.orangehrm.qa.testcases.SupportPageTest">
        <test-method is-config="true" signature="SetUp()[pri:0, instance:com.orangehrm.qa.testcases.SupportPageTest@e84a8e1]" started-at="2024-12-11T11:32:33 IST" name="SetUp" finished-at="2024-12-11T11:33:01 IST" duration-ms="28209" status="PASS">
          <reporter-output>
          </reporter-output>
        </test-method> <!-- SetUp -->
        <test-method signature="supportDescriptionTest()[pri:1, instance:com.orangehrm.qa.testcases.SupportPageTest@e84a8e1]" started-at="2024-12-11T11:33:01 IST" name="supportDescriptionTest" finished-at="2024-12-11T11:33:02 IST" duration-ms="915" status="PASS">
          <reporter-output>
          </reporter-output>
        </test-method> <!-- supportDescriptionTest -->
        <test-method is-config="true" signature="tearDown()[pri:0, instance:com.orangehrm.qa.testcases.SupportPageTest@e84a8e1]" started-at="2024-12-11T11:33:02 IST" name="tearDown" finished-at="2024-12-11T11:33:06 IST" duration-ms="3421" status="PASS">
          <reporter-output>
          </reporter-output>
        </test-method> <!-- tearDown -->
        <test-method is-config="true" signature="SetUp()[pri:0, instance:com.orangehrm.qa.testcases.SupportPageTest@e84a8e1]" started-at="2024-12-11T11:33:06 IST" name="SetUp" finished-at="2024-12-11T11:33:40 IST" duration-ms="33849" status="PASS">
          <reporter-output>
          </reporter-output>
        </test-method> <!-- SetUp -->
        <test-method signature="supportInformationTest()[pri:2, instance:com.orangehrm.qa.testcases.SupportPageTest@e84a8e1]" started-at="2024-12-11T11:33:40 IST" name="supportInformationTest" finished-at="2024-12-11T11:33:41 IST" duration-ms="992" status="PASS">
          <reporter-output>
          </reporter-output>
        </test-method> <!-- supportInformationTest -->
        <test-method is-config="true" signature="tearDown()[pri:0, instance:com.orangehrm.qa.testcases.SupportPageTest@e84a8e1]" started-at="2024-12-11T11:33:41 IST" name="tearDown" finished-at="2024-12-11T11:33:43 IST" duration-ms="2856" status="PASS">
          <reporter-output>
          </reporter-output>
        </test-method> <!-- tearDown -->
        <test-method is-config="true" signature="SetUp()[pri:0, instance:com.orangehrm.qa.testcases.SupportPageTest@e84a8e1]" started-at="2024-12-11T11:33:43 IST" name="SetUp" finished-at="2024-12-11T11:34:11 IST" duration-ms="27802" status="PASS">
          <reporter-output>
          </reporter-output>
        </test-method> <!-- SetUp -->
        <test-method signature="supportConnactSupportTest()[pri:3, instance:com.orangehrm.qa.testcases.SupportPageTest@e84a8e1]" started-at="2024-12-11T11:34:11 IST" name="supportConnactSupportTest" finished-at="2024-12-11T11:34:12 IST" duration-ms="790" status="PASS">
          <reporter-output>
          </reporter-output>
        </test-method> <!-- supportConnactSupportTest -->
        <test-method is-config="true" signature="tearDown()[pri:0, instance:com.orangehrm.qa.testcases.SupportPageTest@e84a8e1]" started-at="2024-12-11T11:34:12 IST" name="tearDown" finished-at="2024-12-11T11:34:13 IST" duration-ms="1124" status="PASS">
          <reporter-output>
          </reporter-output>
        </test-method> <!-- tearDown -->
        <test-method is-config="true" signature="SetUp()[pri:0, instance:com.orangehrm.qa.testcases.SupportPageTest@e84a8e1]" started-at="2024-12-11T11:34:13 IST" name="SetUp" finished-at="2024-12-11T11:34:48 IST" duration-ms="34788" status="PASS">
          <reporter-output>
          </reporter-output>
        </test-method> <!-- SetUp -->
        <test-method signature="supportversionTest()[pri:4, instance:com.orangehrm.qa.testcases.SupportPageTest@e84a8e1]" started-at="2024-12-11T11:34:48 IST" name="supportversionTest" finished-at="2024-12-11T11:34:49 IST" duration-ms="1009" status="PASS">
          <reporter-output>
          </reporter-output>
        </test-method> <!-- supportversionTest -->
        <test-method is-config="true" signature="tearDown()[pri:0, instance:com.orangehrm.qa.testcases.SupportPageTest@e84a8e1]" started-at="2024-12-11T11:34:49 IST" name="tearDown" finished-at="2024-12-11T11:34:51 IST" duration-ms="2005" status="PASS">
          <reporter-output>
          </reporter-output>
        </test-method> <!-- tearDown -->
        <test-method is-config="true" signature="SetUp()[pri:0, instance:com.orangehrm.qa.testcases.SupportPageTest@e84a8e1]" started-at="2024-12-11T11:34:51 IST" name="SetUp" finished-at="2024-12-11T11:35:21 IST" duration-ms="30474" status="PASS">
          <reporter-output>
          </reporter-output>
        </test-method> <!-- SetUp -->
        <test-method signature="supportCopyrightsTest()[pri:5, instance:com.orangehrm.qa.testcases.SupportPageTest@e84a8e1]" started-at="2024-12-11T11:35:21 IST" name="supportCopyrightsTest" finished-at="2024-12-11T11:35:23 IST" duration-ms="1133" status="PASS">
          <reporter-output>
          </reporter-output>
        </test-method> <!-- supportCopyrightsTest -->
        <test-method is-config="true" signature="tearDown()[pri:0, instance:com.orangehrm.qa.testcases.SupportPageTest@e84a8e1]" started-at="2024-12-11T11:35:23 IST" name="tearDown" finished-at="2024-12-11T11:35:24 IST" duration-ms="1859" status="PASS">
          <reporter-output>
          </reporter-output>
        </test-method> <!-- tearDown -->
        <test-method is-config="true" signature="SetUp()[pri:0, instance:com.orangehrm.qa.testcases.SupportPageTest@e84a8e1]" started-at="2024-12-11T11:35:24 IST" name="SetUp" finished-at="2024-12-11T11:35:55 IST" duration-ms="30878" status="PASS">
          <reporter-output>
          </reporter-output>
        </test-method> <!-- SetUp -->
        <test-method signature="supportMainWebsiteTest()[pri:6, instance:com.orangehrm.qa.testcases.SupportPageTest@e84a8e1]" started-at="2024-12-11T11:35:55 IST" name="supportMainWebsiteTest" finished-at="2024-12-11T11:36:16 IST" duration-ms="20425" status="PASS">
          <reporter-output>
          </reporter-output>
        </test-method> <!-- supportMainWebsiteTest -->
        <test-method is-config="true" signature="tearDown()[pri:0, instance:com.orangehrm.qa.testcases.SupportPageTest@e84a8e1]" started-at="2024-12-11T11:36:16 IST" name="tearDown" finished-at="2024-12-11T11:36:17 IST" duration-ms="1712" status="PASS">
          <reporter-output>
          </reporter-output>
        </test-method> <!-- tearDown -->
      </class> <!-- com.orangehrm.qa.testcases.SupportPageTest -->
      <class name="com.orangehrm.qa.testcases.LoginPageTest">
        <test-method is-config="true" signature="SetUp()[pri:0, instance:com.orangehrm.qa.testcases.LoginPageTest@5829e4f4]" started-at="2024-12-11T11:16:30 IST" name="SetUp" finished-at="2024-12-11T11:16:42 IST" duration-ms="12159" status="PASS">
          <reporter-output>
          </reporter-output>
        </test-method> <!-- SetUp -->
        <test-method signature="validateBrandLogoTest()[pri:1, instance:com.orangehrm.qa.testcases.LoginPageTest@5829e4f4]" started-at="2024-12-11T11:16:42 IST" name="validateBrandLogoTest" finished-at="2024-12-11T11:16:43 IST" duration-ms="826" status="PASS">
          <reporter-output>
          </reporter-output>
        </test-method> <!-- validateBrandLogoTest -->
        <test-method is-config="true" signature="tearDown()[pri:0, instance:com.orangehrm.qa.testcases.LoginPageTest@5829e4f4]" started-at="2024-12-11T11:16:43 IST" name="tearDown" finished-at="2024-12-11T11:16:44 IST" duration-ms="1121" status="PASS">
          <reporter-output>
          </reporter-output>
        </test-method> <!-- tearDown -->
        <test-method is-config="true" signature="SetUp()[pri:0, instance:com.orangehrm.qa.testcases.LoginPageTest@5829e4f4]" started-at="2024-12-11T11:16:44 IST" name="SetUp" finished-at="2024-12-11T11:16:54 IST" duration-ms="10344" status="PASS">
          <reporter-output>
          </reporter-output>
        </test-method> <!-- SetUp -->
        <test-method signature="validateLogoHeaderTest()[pri:2, instance:com.orangehrm.qa.testcases.LoginPageTest@5829e4f4]" started-at="2024-12-11T11:16:54 IST" name="validateLogoHeaderTest" finished-at="2024-12-11T11:16:55 IST" duration-ms="1186" status="PASS">
          <reporter-output>
          </reporter-output>
        </test-method> <!-- validateLogoHeaderTest -->
        <test-method is-config="true" signature="tearDown()[pri:0, instance:com.orangehrm.qa.testcases.LoginPageTest@5829e4f4]" started-at="2024-12-11T11:16:55 IST" name="tearDown" finished-at="2024-12-11T11:16:56 IST" duration-ms="1127" status="PASS">
          <reporter-output>
          </reporter-output>
        </test-method> <!-- tearDown -->
        <test-method is-config="true" signature="SetUp()[pri:0, instance:com.orangehrm.qa.testcases.LoginPageTest@5829e4f4]" started-at="2024-12-11T11:16:56 IST" name="SetUp" finished-at="2024-12-11T11:17:08 IST" duration-ms="11766" status="PASS">
          <reporter-output>
          </reporter-output>
        </test-method> <!-- SetUp -->
        <test-method signature="validateDemoUserTest()[pri:3, instance:com.orangehrm.qa.testcases.LoginPageTest@5829e4f4]" started-at="2024-12-11T11:17:08 IST" name="validateDemoUserTest" finished-at="2024-12-11T11:17:09 IST" duration-ms="1164" status="PASS">
          <reporter-output>
          </reporter-output>
        </test-method> <!-- validateDemoUserTest -->
        <test-method is-config="true" signature="tearDown()[pri:0, instance:com.orangehrm.qa.testcases.LoginPageTest@5829e4f4]" started-at="2024-12-11T11:17:09 IST" name="tearDown" finished-at="2024-12-11T11:17:11 IST" duration-ms="1226" status="PASS">
          <reporter-output>
          </reporter-output>
        </test-method> <!-- tearDown -->
        <test-method is-config="true" signature="SetUp()[pri:0, instance:com.orangehrm.qa.testcases.LoginPageTest@5829e4f4]" started-at="2024-12-11T11:17:11 IST" name="SetUp" finished-at="2024-12-11T11:17:20 IST" duration-ms="9287" status="PASS">
          <reporter-output>
          </reporter-output>
        </test-method> <!-- SetUp -->
        <test-method signature="validateDemoPasswordTest()[pri:4, instance:com.orangehrm.qa.testcases.LoginPageTest@5829e4f4]" started-at="2024-12-11T11:17:20 IST" name="validateDemoPasswordTest" finished-at="2024-12-11T11:17:21 IST" duration-ms="1121" status="PASS">
          <reporter-output>
          </reporter-output>
        </test-method> <!-- validateDemoPasswordTest -->
        <test-method is-config="true" signature="tearDown()[pri:0, instance:com.orangehrm.qa.testcases.LoginPageTest@5829e4f4]" started-at="2024-12-11T11:17:21 IST" name="tearDown" finished-at="2024-12-11T11:17:23 IST" duration-ms="1770" status="PASS">
          <reporter-output>
          </reporter-output>
        </test-method> <!-- tearDown -->
        <test-method is-config="true" signature="SetUp()[pri:0, instance:com.orangehrm.qa.testcases.LoginPageTest@5829e4f4]" started-at="2024-12-11T11:17:23 IST" name="SetUp" finished-at="2024-12-11T11:17:34 IST" duration-ms="10835" status="PASS">
          <reporter-output>
          </reporter-output>
        </test-method> <!-- SetUp -->
        <test-method signature="validateIconUserTest()[pri:5, instance:com.orangehrm.qa.testcases.LoginPageTest@5829e4f4]" started-at="2024-12-11T11:17:34 IST" name="validateIconUserTest" finished-at="2024-12-11T11:17:35 IST" duration-ms="1327" status="PASS">
          <reporter-output>
          </reporter-output>
        </test-method> <!-- validateIconUserTest -->
        <test-method is-config="true" signature="tearDown()[pri:0, instance:com.orangehrm.qa.testcases.LoginPageTest@5829e4f4]" started-at="2024-12-11T11:17:35 IST" name="tearDown" finished-at="2024-12-11T11:17:37 IST" duration-ms="2202" status="PASS">
          <reporter-output>
          </reporter-output>
        </test-method> <!-- tearDown -->
        <test-method is-config="true" signature="SetUp()[pri:0, instance:com.orangehrm.qa.testcases.LoginPageTest@5829e4f4]" started-at="2024-12-11T11:17:37 IST" name="SetUp" finished-at="2024-12-11T11:17:53 IST" duration-ms="16000" status="PASS">
          <reporter-output>
          </reporter-output>
        </test-method> <!-- SetUp -->
        <test-method signature="validateIconPersonTest()[pri:6, instance:com.orangehrm.qa.testcases.LoginPageTest@5829e4f4]" started-at="2024-12-11T11:17:53 IST" name="validateIconPersonTest" finished-at="2024-12-11T11:17:56 IST" duration-ms="2305" status="PASS">
          <reporter-output>
          </reporter-output>
        </test-method> <!-- validateIconPersonTest -->
        <test-method is-config="true" signature="tearDown()[pri:0, instance:com.orangehrm.qa.testcases.LoginPageTest@5829e4f4]" started-at="2024-12-11T11:17:56 IST" name="tearDown" finished-at="2024-12-11T11:17:58 IST" duration-ms="1927" status="PASS">
          <reporter-output>
          </reporter-output>
        </test-method> <!-- tearDown -->
        <test-method is-config="true" signature="SetUp()[pri:0, instance:com.orangehrm.qa.testcases.LoginPageTest@5829e4f4]" started-at="2024-12-11T11:17:58 IST" name="SetUp" finished-at="2024-12-11T11:18:09 IST" duration-ms="11019" status="PASS">
          <reporter-output>
          </reporter-output>
        </test-method> <!-- SetUp -->
        <test-method signature="validateViewUsernameTest()[pri:7, instance:com.orangehrm.qa.testcases.LoginPageTest@5829e4f4]" started-at="2024-12-11T11:18:09 IST" name="validateViewUsernameTest" finished-at="2024-12-11T11:18:10 IST" duration-ms="1304" status="PASS">
          <reporter-output>
          </reporter-output>
        </test-method> <!-- validateViewUsernameTest -->
        <test-method is-config="true" signature="tearDown()[pri:0, instance:com.orangehrm.qa.testcases.LoginPageTest@5829e4f4]" started-at="2024-12-11T11:18:10 IST" name="tearDown" finished-at="2024-12-11T11:18:11 IST" duration-ms="1060" status="PASS">
          <reporter-output>
          </reporter-output>
        </test-method> <!-- tearDown -->
        <test-method is-config="true" signature="SetUp()[pri:0, instance:com.orangehrm.qa.testcases.LoginPageTest@5829e4f4]" started-at="2024-12-11T11:18:11 IST" name="SetUp" finished-at="2024-12-11T11:18:21 IST" duration-ms="10365" status="PASS">
          <reporter-output>
          </reporter-output>
        </test-method> <!-- SetUp -->
        <test-method signature="validateViewPasswordTest()[pri:8, instance:com.orangehrm.qa.testcases.LoginPageTest@5829e4f4]" started-at="2024-12-11T11:18:21 IST" name="validateViewPasswordTest" finished-at="2024-12-11T11:18:23 IST" duration-ms="1210" status="PASS">
          <reporter-output>
          </reporter-output>
        </test-method> <!-- validateViewPasswordTest -->
        <test-method is-config="true" signature="tearDown()[pri:0, instance:com.orangehrm.qa.testcases.LoginPageTest@5829e4f4]" started-at="2024-12-11T11:18:23 IST" name="tearDown" finished-at="2024-12-11T11:18:24 IST" duration-ms="1113" status="PASS">
          <reporter-output>
          </reporter-output>
        </test-method> <!-- tearDown -->
        <test-method is-config="true" signature="SetUp()[pri:0, instance:com.orangehrm.qa.testcases.LoginPageTest@5829e4f4]" started-at="2024-12-11T11:18:24 IST" name="SetUp" finished-at="2024-12-11T11:18:33 IST" duration-ms="9396" status="PASS">
          <reporter-output>
          </reporter-output>
        </test-method> <!-- SetUp -->
        <test-method signature="validateViewVersionTest()[pri:9, instance:com.orangehrm.qa.testcases.LoginPageTest@5829e4f4]" started-at="2024-12-11T11:18:33 IST" name="validateViewVersionTest" finished-at="2024-12-11T11:18:34 IST" duration-ms="1343" status="PASS">
          <reporter-output>
          </reporter-output>
        </test-method> <!-- validateViewVersionTest -->
        <test-method is-config="true" signature="tearDown()[pri:0, instance:com.orangehrm.qa.testcases.LoginPageTest@5829e4f4]" started-at="2024-12-11T11:18:34 IST" name="tearDown" finished-at="2024-12-11T11:18:36 IST" duration-ms="1177" status="PASS">
          <reporter-output>
          </reporter-output>
        </test-method> <!-- tearDown -->
        <test-method is-config="true" signature="SetUp()[pri:0, instance:com.orangehrm.qa.testcases.LoginPageTest@5829e4f4]" started-at="2024-12-11T11:18:36 IST" name="SetUp" finished-at="2024-12-11T11:18:46 IST" duration-ms="10260" status="PASS">
          <reporter-output>
          </reporter-output>
        </test-method> <!-- SetUp -->
        <test-method signature="validateViewCopyRightsTest()[pri:10, instance:com.orangehrm.qa.testcases.LoginPageTest@5829e4f4]" started-at="2024-12-11T11:18:46 IST" name="validateViewCopyRightsTest" finished-at="2024-12-11T11:18:47 IST" duration-ms="1325" status="PASS">
          <reporter-output>
          </reporter-output>
        </test-method> <!-- validateViewCopyRightsTest -->
        <test-method is-config="true" signature="tearDown()[pri:0, instance:com.orangehrm.qa.testcases.LoginPageTest@5829e4f4]" started-at="2024-12-11T11:18:47 IST" name="tearDown" finished-at="2024-12-11T11:18:48 IST" duration-ms="1181" status="PASS">
          <reporter-output>
          </reporter-output>
        </test-method> <!-- tearDown -->
        <test-method is-config="true" signature="SetUp()[pri:0, instance:com.orangehrm.qa.testcases.LoginPageTest@5829e4f4]" started-at="2024-12-11T11:18:48 IST" name="SetUp" finished-at="2024-12-11T11:18:58 IST" duration-ms="9794" status="PASS">
          <reporter-output>
          </reporter-output>
        </test-method> <!-- SetUp -->
        <test-method signature="validateViewSocialLinksTest()[pri:11, instance:com.orangehrm.qa.testcases.LoginPageTest@5829e4f4]" started-at="2024-12-11T11:18:58 IST" name="validateViewSocialLinksTest" finished-at="2024-12-11T11:18:59 IST" duration-ms="1101" status="PASS">
          <reporter-output>
          </reporter-output>
        </test-method> <!-- validateViewSocialLinksTest -->
        <test-method is-config="true" signature="tearDown()[pri:0, instance:com.orangehrm.qa.testcases.LoginPageTest@5829e4f4]" started-at="2024-12-11T11:18:59 IST" name="tearDown" finished-at="2024-12-11T11:19:03 IST" duration-ms="3342" status="PASS">
          <reporter-output>
          </reporter-output>
        </test-method> <!-- tearDown -->
        <test-method is-config="true" signature="SetUp()[pri:0, instance:com.orangehrm.qa.testcases.LoginPageTest@5829e4f4]" started-at="2024-12-11T11:19:03 IST" name="SetUp" finished-at="2024-12-11T11:19:13 IST" duration-ms="9817" status="PASS">
          <reporter-output>
          </reporter-output>
        </test-method> <!-- SetUp -->
        <test-method signature="clickOnForgtPasswordLinkTest()[pri:12, instance:com.orangehrm.qa.testcases.LoginPageTest@5829e4f4]" started-at="2024-12-11T11:19:13 IST" name="clickOnForgtPasswordLinkTest" finished-at="2024-12-11T11:19:16 IST" duration-ms="3004" status="PASS">
          <reporter-output>
          </reporter-output>
        </test-method> <!-- clickOnForgtPasswordLinkTest -->
        <test-method is-config="true" signature="tearDown()[pri:0, instance:com.orangehrm.qa.testcases.LoginPageTest@5829e4f4]" started-at="2024-12-11T11:19:16 IST" name="tearDown" finished-at="2024-12-11T11:19:16 IST" duration-ms="751" status="PASS">
          <reporter-output>
          </reporter-output>
        </test-method> <!-- tearDown -->
        <test-method is-config="true" signature="SetUp()[pri:0, instance:com.orangehrm.qa.testcases.LoginPageTest@5829e4f4]" started-at="2024-12-11T11:19:16 IST" name="SetUp" finished-at="2024-12-11T11:19:26 IST" duration-ms="10133" status="PASS">
          <reporter-output>
          </reporter-output>
        </test-method> <!-- SetUp -->
        <test-method signature="clickOrangehrmWebsiteTest()[pri:13, instance:com.orangehrm.qa.testcases.LoginPageTest@5829e4f4]" started-at="2024-12-11T11:19:26 IST" name="clickOrangehrmWebsiteTest" finished-at="2024-12-11T11:19:47 IST" duration-ms="20840" status="PASS">
          <reporter-output>
          </reporter-output>
        </test-method> <!-- clickOrangehrmWebsiteTest -->
        <test-method is-config="true" signature="tearDown()[pri:0, instance:com.orangehrm.qa.testcases.LoginPageTest@5829e4f4]" started-at="2024-12-11T11:19:47 IST" name="tearDown" finished-at="2024-12-11T11:19:51 IST" duration-ms="3583" status="PASS">
          <reporter-output>
          </reporter-output>
        </test-method> <!-- tearDown -->
        <test-method is-config="true" signature="SetUp()[pri:0, instance:com.orangehrm.qa.testcases.LoginPageTest@5829e4f4]" started-at="2024-12-11T11:19:51 IST" name="SetUp" finished-at="2024-12-11T11:20:02 IST" duration-ms="11432" status="PASS">
          <reporter-output>
          </reporter-output>
        </test-method> <!-- SetUp -->
        <test-method signature="verifyLoginTest()[pri:14, instance:com.orangehrm.qa.testcases.LoginPageTest@5829e4f4]" started-at="2024-12-11T11:20:02 IST" name="verifyLoginTest" finished-at="2024-12-11T11:20:08 IST" duration-ms="5218" status="PASS">
          <reporter-output>
          </reporter-output>
        </test-method> <!-- verifyLoginTest -->
        <test-method is-config="true" signature="tearDown()[pri:0, instance:com.orangehrm.qa.testcases.LoginPageTest@5829e4f4]" started-at="2024-12-11T11:20:08 IST" name="tearDown" finished-at="2024-12-11T11:20:09 IST" duration-ms="1226" status="PASS">
          <reporter-output>
          </reporter-output>
        </test-method> <!-- tearDown -->
      </class> <!-- com.orangehrm.qa.testcases.LoginPageTest -->
      <class name="com.orangehrm.qa.testcases.AboutPageTest">
        <test-method is-config="true" signature="SetUp()[pri:0, instance:com.orangehrm.qa.testcases.AboutPageTest@2e554a3b]" started-at="2024-12-11T11:36:17 IST" name="SetUp" finished-at="2024-12-11T11:36:52 IST" duration-ms="34115" status="PASS">
          <reporter-output>
          </reporter-output>
        </test-method> <!-- SetUp -->
        <test-method signature="aboutHeaderTest()[pri:1, instance:com.orangehrm.qa.testcases.AboutPageTest@2e554a3b]" started-at="2024-12-11T11:36:52 IST" name="aboutHeaderTest" finished-at="2024-12-11T11:36:52 IST" duration-ms="210" status="PASS">
          <reporter-output>
          </reporter-output>
        </test-method> <!-- aboutHeaderTest -->
        <test-method is-config="true" signature="tearDown()[pri:0, instance:com.orangehrm.qa.testcases.AboutPageTest@2e554a3b]" started-at="2024-12-11T11:36:52 IST" name="tearDown" finished-at="2024-12-11T11:36:53 IST" duration-ms="1344" status="PASS">
          <reporter-output>
          </reporter-output>
        </test-method> <!-- tearDown -->
        <test-method is-config="true" signature="SetUp()[pri:0, instance:com.orangehrm.qa.testcases.AboutPageTest@2e554a3b]" started-at="2024-12-11T11:36:53 IST" name="SetUp" finished-at="2024-12-11T11:37:27 IST" duration-ms="33733" status="PASS">
          <reporter-output>
          </reporter-output>
        </test-method> <!-- SetUp -->
        <test-method signature="aboutCompanyNameTest()[pri:2, instance:com.orangehrm.qa.testcases.AboutPageTest@2e554a3b]" started-at="2024-12-11T11:37:27 IST" name="aboutCompanyNameTest" finished-at="2024-12-11T11:37:27 IST" duration-ms="460" status="PASS">
          <reporter-output>
          </reporter-output>
        </test-method> <!-- aboutCompanyNameTest -->
        <test-method is-config="true" signature="tearDown()[pri:0, instance:com.orangehrm.qa.testcases.AboutPageTest@2e554a3b]" started-at="2024-12-11T11:37:27 IST" name="tearDown" finished-at="2024-12-11T11:37:28 IST" duration-ms="780" status="PASS">
          <reporter-output>
          </reporter-output>
        </test-method> <!-- tearDown -->
        <test-method is-config="true" signature="SetUp()[pri:0, instance:com.orangehrm.qa.testcases.AboutPageTest@2e554a3b]" started-at="2024-12-11T11:37:28 IST" name="SetUp" finished-at="2024-12-11T11:37:55 IST" duration-ms="27077" status="PASS">
          <reporter-output>
          </reporter-output>
        </test-method> <!-- SetUp -->
        <test-method signature="aboutVersionTest()[pri:3, instance:com.orangehrm.qa.testcases.AboutPageTest@2e554a3b]" started-at="2024-12-11T11:37:55 IST" name="aboutVersionTest" finished-at="2024-12-11T11:37:56 IST" duration-ms="1070" status="PASS">
          <reporter-output>
          </reporter-output>
        </test-method> <!-- aboutVersionTest -->
        <test-method is-config="true" signature="tearDown()[pri:0, instance:com.orangehrm.qa.testcases.AboutPageTest@2e554a3b]" started-at="2024-12-11T11:37:56 IST" name="tearDown" finished-at="2024-12-11T11:38:00 IST" duration-ms="3597" status="PASS">
          <reporter-output>
          </reporter-output>
        </test-method> <!-- tearDown -->
        <test-method is-config="true" signature="SetUp()[pri:0, instance:com.orangehrm.qa.testcases.AboutPageTest@2e554a3b]" started-at="2024-12-11T11:38:00 IST" name="SetUp" finished-at="2024-12-11T11:38:30 IST" duration-ms="29869" status="PASS">
          <reporter-output>
          </reporter-output>
        </test-method> <!-- SetUp -->
        <test-method signature="aboutActiveEmployeesTest()[pri:4, instance:com.orangehrm.qa.testcases.AboutPageTest@2e554a3b]" started-at="2024-12-11T11:38:30 IST" name="aboutActiveEmployeesTest" finished-at="2024-12-11T11:38:30 IST" duration-ms="504" status="PASS">
          <reporter-output>
          </reporter-output>
        </test-method> <!-- aboutActiveEmployeesTest -->
        <test-method is-config="true" signature="tearDown()[pri:0, instance:com.orangehrm.qa.testcases.AboutPageTest@2e554a3b]" started-at="2024-12-11T11:38:30 IST" name="tearDown" finished-at="2024-12-11T11:38:32 IST" duration-ms="1508" status="PASS">
          <reporter-output>
          </reporter-output>
        </test-method> <!-- tearDown -->
        <test-method is-config="true" signature="SetUp()[pri:0, instance:com.orangehrm.qa.testcases.AboutPageTest@2e554a3b]" started-at="2024-12-11T11:38:32 IST" name="SetUp" finished-at="2024-12-11T11:38:56 IST" duration-ms="24514" status="PASS">
          <reporter-output>
          </reporter-output>
        </test-method> <!-- SetUp -->
        <test-method signature="aboutEmployeesTerminatedTest()[pri:5, instance:com.orangehrm.qa.testcases.AboutPageTest@2e554a3b]" started-at="2024-12-11T11:38:56 IST" name="aboutEmployeesTerminatedTest" finished-at="2024-12-11T11:38:57 IST" duration-ms="350" status="PASS">
          <reporter-output>
          </reporter-output>
        </test-method> <!-- aboutEmployeesTerminatedTest -->
        <test-method is-config="true" signature="tearDown()[pri:0, instance:com.orangehrm.qa.testcases.AboutPageTest@2e554a3b]" started-at="2024-12-11T11:38:57 IST" name="tearDown" finished-at="2024-12-11T11:38:58 IST" duration-ms="901" status="PASS">
          <reporter-output>
          </reporter-output>
        </test-method> <!-- tearDown -->
        <test-method is-config="true" signature="SetUp()[pri:0, instance:com.orangehrm.qa.testcases.AboutPageTest@2e554a3b]" started-at="2024-12-11T11:38:58 IST" name="SetUp" finished-at="2024-12-11T11:39:20 IST" duration-ms="22011" status="PASS">
          <reporter-output>
          </reporter-output>
        </test-method> <!-- SetUp -->
        <test-method signature="aboutCompanyNameValueTest()[pri:6, instance:com.orangehrm.qa.testcases.AboutPageTest@2e554a3b]" started-at="2024-12-11T11:39:20 IST" name="aboutCompanyNameValueTest" finished-at="2024-12-11T11:39:20 IST" duration-ms="732" status="PASS">
          <reporter-output>
          </reporter-output>
        </test-method> <!-- aboutCompanyNameValueTest -->
        <test-method is-config="true" signature="tearDown()[pri:0, instance:com.orangehrm.qa.testcases.AboutPageTest@2e554a3b]" started-at="2024-12-11T11:39:20 IST" name="tearDown" finished-at="2024-12-11T11:39:22 IST" duration-ms="1329" status="PASS">
          <reporter-output>
          </reporter-output>
        </test-method> <!-- tearDown -->
        <test-method is-config="true" signature="SetUp()[pri:0, instance:com.orangehrm.qa.testcases.AboutPageTest@2e554a3b]" started-at="2024-12-11T11:39:22 IST" name="SetUp" finished-at="2024-12-11T11:39:43 IST" duration-ms="21768" status="PASS">
          <reporter-output>
          </reporter-output>
        </test-method> <!-- SetUp -->
        <test-method signature="aboutVersionValueTest()[pri:7, instance:com.orangehrm.qa.testcases.AboutPageTest@2e554a3b]" started-at="2024-12-11T11:39:43 IST" name="aboutVersionValueTest" finished-at="2024-12-11T11:39:44 IST" duration-ms="721" status="PASS">
          <reporter-output>
          </reporter-output>
        </test-method> <!-- aboutVersionValueTest -->
        <test-method is-config="true" signature="tearDown()[pri:0, instance:com.orangehrm.qa.testcases.AboutPageTest@2e554a3b]" started-at="2024-12-11T11:39:44 IST" name="tearDown" finished-at="2024-12-11T11:39:47 IST" duration-ms="3021" status="PASS">
          <reporter-output>
          </reporter-output>
        </test-method> <!-- tearDown -->
        <test-method is-config="true" signature="SetUp()[pri:0, instance:com.orangehrm.qa.testcases.AboutPageTest@2e554a3b]" started-at="2024-12-11T11:39:47 IST" name="SetUp" finished-at="2024-12-11T11:40:23 IST" duration-ms="36041" status="PASS">
          <reporter-output>
          </reporter-output>
        </test-method> <!-- SetUp -->
        <test-method signature="aboutActiveEmployeesValueTest()[pri:8, instance:com.orangehrm.qa.testcases.AboutPageTest@2e554a3b]" started-at="2024-12-11T11:40:23 IST" name="aboutActiveEmployeesValueTest" finished-at="2024-12-11T11:40:26 IST" duration-ms="3056" status="PASS">
          <reporter-output>
          </reporter-output>
        </test-method> <!-- aboutActiveEmployeesValueTest -->
        <test-method is-config="true" signature="tearDown()[pri:0, instance:com.orangehrm.qa.testcases.AboutPageTest@2e554a3b]" started-at="2024-12-11T11:40:26 IST" name="tearDown" finished-at="2024-12-11T11:40:41 IST" duration-ms="14985" status="PASS">
          <reporter-output>
          </reporter-output>
        </test-method> <!-- tearDown -->
        <test-method is-config="true" signature="SetUp()[pri:0, instance:com.orangehrm.qa.testcases.AboutPageTest@2e554a3b]" started-at="2024-12-11T11:40:41 IST" name="SetUp" finished-at="2024-12-11T11:41:01 IST" duration-ms="19749" status="PASS">
          <reporter-output>
          </reporter-output>
        </test-method> <!-- SetUp -->
        <test-method signature="aboutEmployeesTerminatedValueTest()[pri:9, instance:com.orangehrm.qa.testcases.AboutPageTest@2e554a3b]" started-at="2024-12-11T11:41:01 IST" name="aboutEmployeesTerminatedValueTest" finished-at="2024-12-11T11:41:02 IST" duration-ms="926" status="PASS">
          <reporter-output>
          </reporter-output>
        </test-method> <!-- aboutEmployeesTerminatedValueTest -->
        <test-method is-config="true" signature="tearDown()[pri:0, instance:com.orangehrm.qa.testcases.AboutPageTest@2e554a3b]" started-at="2024-12-11T11:41:02 IST" name="tearDown" finished-at="2024-12-11T11:41:07 IST" duration-ms="5350" status="PASS">
          <reporter-output>
          </reporter-output>
        </test-method> <!-- tearDown -->
      </class> <!-- com.orangehrm.qa.testcases.AboutPageTest -->
      <class name="com.orangehrm.qa.testcases.ForgotPasswordPageTest">
        <test-method is-config="true" signature="setUp()[pri:0, instance:com.orangehrm.qa.testcases.ForgotPasswordPageTest@20b12f8a]" started-at="2024-12-11T11:28:26 IST" name="setUp" finished-at="2024-12-11T11:28:40 IST" duration-ms="13935" status="PASS">
          <reporter-output>
          </reporter-output>
        </test-method> <!-- setUp -->
        <test-method signature="headerResetPasswordTest()[pri:1, instance:com.orangehrm.qa.testcases.ForgotPasswordPageTest@20b12f8a]" started-at="2024-12-11T11:28:40 IST" name="headerResetPasswordTest" finished-at="2024-12-11T11:28:41 IST" duration-ms="1156" status="PASS">
          <reporter-output>
          </reporter-output>
        </test-method> <!-- headerResetPasswordTest -->
        <test-method is-config="true" signature="tearDown()[pri:0, instance:com.orangehrm.qa.testcases.ForgotPasswordPageTest@20b12f8a]" started-at="2024-12-11T11:28:41 IST" name="tearDown" finished-at="2024-12-11T11:28:42 IST" duration-ms="1268" status="PASS">
          <reporter-output>
          </reporter-output>
        </test-method> <!-- tearDown -->
        <test-method is-config="true" signature="setUp()[pri:0, instance:com.orangehrm.qa.testcases.ForgotPasswordPageTest@20b12f8a]" started-at="2024-12-11T11:28:42 IST" name="setUp" finished-at="2024-12-11T11:29:00 IST" duration-ms="17281" status="PASS">
          <reporter-output>
          </reporter-output>
        </test-method> <!-- setUp -->
        <test-method signature="descriptionTextTest()[pri:2, instance:com.orangehrm.qa.testcases.ForgotPasswordPageTest@20b12f8a]" started-at="2024-12-11T11:29:00 IST" name="descriptionTextTest" finished-at="2024-12-11T11:29:01 IST" duration-ms="1205" status="PASS">
          <reporter-output>
          </reporter-output>
        </test-method> <!-- descriptionTextTest -->
        <test-method is-config="true" signature="tearDown()[pri:0, instance:com.orangehrm.qa.testcases.ForgotPasswordPageTest@20b12f8a]" started-at="2024-12-11T11:29:01 IST" name="tearDown" finished-at="2024-12-11T11:29:02 IST" duration-ms="960" status="PASS">
          <reporter-output>
          </reporter-output>
        </test-method> <!-- tearDown -->
        <test-method is-config="true" signature="setUp()[pri:0, instance:com.orangehrm.qa.testcases.ForgotPasswordPageTest@20b12f8a]" started-at="2024-12-11T11:29:02 IST" name="setUp" finished-at="2024-12-11T11:29:16 IST" duration-ms="14312" status="PASS">
          <reporter-output>
          </reporter-output>
        </test-method> <!-- setUp -->
        <test-method signature="iconPersonTest()[pri:3, instance:com.orangehrm.qa.testcases.ForgotPasswordPageTest@20b12f8a]" started-at="2024-12-11T11:29:16 IST" name="iconPersonTest" finished-at="2024-12-11T11:29:17 IST" duration-ms="599" status="PASS">
          <reporter-output>
          </reporter-output>
        </test-method> <!-- iconPersonTest -->
        <test-method is-config="true" signature="tearDown()[pri:0, instance:com.orangehrm.qa.testcases.ForgotPasswordPageTest@20b12f8a]" started-at="2024-12-11T11:29:17 IST" name="tearDown" finished-at="2024-12-11T11:29:17 IST" duration-ms="864" status="PASS">
          <reporter-output>
          </reporter-output>
        </test-method> <!-- tearDown -->
        <test-method is-config="true" signature="setUp()[pri:0, instance:com.orangehrm.qa.testcases.ForgotPasswordPageTest@20b12f8a]" started-at="2024-12-11T11:29:17 IST" name="setUp" finished-at="2024-12-11T11:29:31 IST" duration-ms="13845" status="PASS">
          <reporter-output>
          </reporter-output>
        </test-method> <!-- setUp -->
        <test-method signature="labelUsernameTest()[pri:4, instance:com.orangehrm.qa.testcases.ForgotPasswordPageTest@20b12f8a]" started-at="2024-12-11T11:29:31 IST" name="labelUsernameTest" finished-at="2024-12-11T11:29:32 IST" duration-ms="802" status="PASS">
          <reporter-output>
          </reporter-output>
        </test-method> <!-- labelUsernameTest -->
        <test-method is-config="true" signature="tearDown()[pri:0, instance:com.orangehrm.qa.testcases.ForgotPasswordPageTest@20b12f8a]" started-at="2024-12-11T11:29:32 IST" name="tearDown" finished-at="2024-12-11T11:29:35 IST" duration-ms="2518" status="PASS">
          <reporter-output>
          </reporter-output>
        </test-method> <!-- tearDown -->
        <test-method is-config="true" signature="setUp()[pri:0, instance:com.orangehrm.qa.testcases.ForgotPasswordPageTest@20b12f8a]" started-at="2024-12-11T11:29:35 IST" name="setUp" finished-at="2024-12-11T11:29:48 IST" duration-ms="13593" status="PASS">
          <reporter-output>
          </reporter-output>
        </test-method> <!-- setUp -->
        <test-method signature="labelVersionTest()[pri:5, instance:com.orangehrm.qa.testcases.ForgotPasswordPageTest@20b12f8a]" started-at="2024-12-11T11:29:48 IST" name="labelVersionTest" finished-at="2024-12-11T11:29:49 IST" duration-ms="606" status="PASS">
          <reporter-output>
          </reporter-output>
        </test-method> <!-- labelVersionTest -->
        <test-method is-config="true" signature="tearDown()[pri:0, instance:com.orangehrm.qa.testcases.ForgotPasswordPageTest@20b12f8a]" started-at="2024-12-11T11:29:49 IST" name="tearDown" finished-at="2024-12-11T11:29:50 IST" duration-ms="926" status="PASS">
          <reporter-output>
          </reporter-output>
        </test-method> <!-- tearDown -->
        <test-method is-config="true" signature="setUp()[pri:0, instance:com.orangehrm.qa.testcases.ForgotPasswordPageTest@20b12f8a]" started-at="2024-12-11T11:29:50 IST" name="setUp" finished-at="2024-12-11T11:30:02 IST" duration-ms="12595" status="PASS">
          <reporter-output>
          </reporter-output>
        </test-method> <!-- setUp -->
        <test-method signature="clickCancelButtonTest()[pri:6, instance:com.orangehrm.qa.testcases.ForgotPasswordPageTest@20b12f8a]" started-at="2024-12-11T11:30:02 IST" name="clickCancelButtonTest" finished-at="2024-12-11T11:30:34 IST" duration-ms="31411" status="FAIL">
          <exception class="org.openqa.selenium.NoSuchElementException">
            <message>
              <![CDATA[no such element: Unable to locate element: {"method":"xpath","selector":"//h5[normalize-space()="Login"]"}
  (Session info: chrome=131.0.6778.139)
For documentation on this error, please visit: https://www.selenium.dev/documentation/webdriver/troubleshooting/errors#no-such-element-exception
Build info: version: '4.27.0', revision: 'd6e718d134'
System info: os.name: 'Windows 10', os.arch: 'amd64', os.version: '10.0', java.version: '23'
Driver info: org.openqa.selenium.chrome.ChromeDriver
Command: [35c8e2aee716391657cabe0a11e7652b, findElement {value=//h5[normalize-space()="Login"], using=xpath}]
Capabilities {acceptInsecureCerts: false, browserName: chrome, browserVersion: 131.0.6778.139, chrome: {chromedriverVersion: 131.0.6778.85 (3d81e41b6f3a..., userDataDir: C:\Users\yuvan\AppData\Loca...}, fedcm:accounts: true, goog:chromeOptions: {debuggerAddress: localhost:51595}, networkConnectionEnabled: false, pageLoadStrategy: normal, platformName: windows, proxy: Proxy(), se:cdp: ws://localhost:51595/devtoo..., se:cdpVersion: 131.0.6778.139, setWindowRect: true, strictFileInteractability: false, timeouts: {implicit: 0, pageLoad: 300000, script: 30000}, unhandledPromptBehavior: dismiss and notify, webauthn:extension:credBlob: true, webauthn:extension:largeBlob: true, webauthn:extension:minPinLength: true, webauthn:extension:prf: true, webauthn:virtualAuthenticators: true}
Session ID: 35c8e2aee716391657cabe0a11e7652b]]>
            </message>
            <full-stacktrace>
              <![CDATA[org.openqa.selenium.NoSuchElementException: no such element: Unable to locate element: {"method":"xpath","selector":"//h5[normalize-space()="Login"]"}
  (Session info: chrome=131.0.6778.139)
For documentation on this error, please visit: https://www.selenium.dev/documentation/webdriver/troubleshooting/errors#no-such-element-exception
Build info: version: '4.27.0', revision: 'd6e718d134'
System info: os.name: 'Windows 10', os.arch: 'amd64', os.version: '10.0', java.version: '23'
Driver info: org.openqa.selenium.chrome.ChromeDriver
Command: [35c8e2aee716391657cabe0a11e7652b, findElement {value=//h5[normalize-space()="Login"], using=xpath}]
Capabilities {acceptInsecureCerts: false, browserName: chrome, browserVersion: 131.0.6778.139, chrome: {chromedriverVersion: 131.0.6778.85 (3d81e41b6f3a..., userDataDir: C:\Users\yuvan\AppData\Loca...}, fedcm:accounts: true, goog:chromeOptions: {debuggerAddress: localhost:51595}, networkConnectionEnabled: false, pageLoadStrategy: normal, platformName: windows, proxy: Proxy(), se:cdp: ws://localhost:51595/devtoo..., se:cdpVersion: 131.0.6778.139, setWindowRect: true, strictFileInteractability: false, timeouts: {implicit: 0, pageLoad: 300000, script: 30000}, unhandledPromptBehavior: dismiss and notify, webauthn:extension:credBlob: true, webauthn:extension:largeBlob: true, webauthn:extension:minPinLength: true, webauthn:extension:prf: true, webauthn:virtualAuthenticators: true}
Session ID: 35c8e2aee716391657cabe0a11e7652b
at java.base/jdk.internal.reflect.DirectConstructorHandleAccessor.newInstance(DirectConstructorHandleAccessor.java:62)
at java.base/java.lang.reflect.Constructor.newInstanceWithCaller(Constructor.java:501)
at java.base/java.lang.reflect.Constructor.newInstance(Constructor.java:485)
at org.openqa.selenium.remote.ErrorCodec.decode(ErrorCodec.java:167)
at org.openqa.selenium.remote.codec.w3c.W3CHttpResponseCodec.decode(W3CHttpResponseCodec.java:138)
at org.openqa.selenium.remote.codec.w3c.W3CHttpResponseCodec.decode(W3CHttpResponseCodec.java:50)
at org.openqa.selenium.remote.HttpCommandExecutor.execute(HttpCommandExecutor.java:190)
at org.openqa.selenium.remote.service.DriverCommandExecutor.invokeExecute(DriverCommandExecutor.java:216)
at org.openqa.selenium.remote.service.DriverCommandExecutor.execute(DriverCommandExecutor.java:174)
at org.openqa.selenium.remote.RemoteWebDriver.execute(RemoteWebDriver.java:545)
at org.openqa.selenium.remote.ElementLocation$ElementFinder$2.findElement(ElementLocation.java:165)
at org.openqa.selenium.remote.ElementLocation.findElement(ElementLocation.java:59)
at org.openqa.selenium.remote.RemoteWebDriver.findElement(RemoteWebDriver.java:368)
at org.openqa.selenium.remote.RemoteWebDriver.findElement(RemoteWebDriver.java:362)
at org.openqa.selenium.support.pagefactory.DefaultElementLocator.findElement(DefaultElementLocator.java:68)
at org.openqa.selenium.support.pagefactory.internal.LocatingElementHandler.invoke(LocatingElementHandler.java:38)
at jdk.proxy2/jdk.proxy2.$Proxy28.isDisplayed(Unknown Source)
at com.orangehrm.qa.pages.LoginPage.validateLogoHeader(LoginPage.java:62)
at com.orangehrm.qa.testcases.ForgotPasswordPageTest.clickCancelButtonTest(ForgotPasswordPageTest.java:76)
at java.base/jdk.internal.reflect.DirectMethodHandleAccessor.invoke(DirectMethodHandleAccessor.java:103)
at java.base/java.lang.reflect.Method.invoke(Method.java:580)
at org.testng.internal.MethodInvocationHelper.invokeMethod(MethodInvocationHelper.java:133)
at org.testng.internal.TestInvoker.invokeMethod(TestInvoker.java:598)
at org.testng.internal.TestInvoker.invokeTestMethod(TestInvoker.java:173)
at org.testng.internal.MethodRunner.runInSequence(MethodRunner.java:46)
at org.testng.internal.TestInvoker$MethodInvocationAgent.invoke(TestInvoker.java:824)
at org.testng.internal.TestInvoker.invokeTestMethods(TestInvoker.java:146)
at org.testng.internal.TestMethodWorker.invokeTestMethods(TestMethodWorker.java:146)
at org.testng.internal.TestMethodWorker.run(TestMethodWorker.java:128)
at java.base/java.util.ArrayList.forEach(ArrayList.java:1597)
at org.testng.TestRunner.privateRun(TestRunner.java:794)
at org.testng.TestRunner.run(TestRunner.java:596)
at org.testng.SuiteRunner.runTest(SuiteRunner.java:377)
at org.testng.SuiteRunner.runSequentially(SuiteRunner.java:371)
at org.testng.SuiteRunner.privateRun(SuiteRunner.java:332)
at org.testng.SuiteRunner.run(SuiteRunner.java:276)
at org.testng.SuiteRunnerWorker.runSuite(SuiteRunnerWorker.java:53)
at org.testng.SuiteRunnerWorker.run(SuiteRunnerWorker.java:96)
at org.testng.TestNG.runSuitesSequentially(TestNG.java:1212)
at org.testng.TestNG.runSuitesLocally(TestNG.java:1134)
at org.testng.TestNG.runSuites(TestNG.java:1063)
at org.testng.TestNG.run(TestNG.java:1031)
at org.testng.remote.AbstractRemoteTestNG.run(AbstractRemoteTestNG.java:115)
at org.testng.remote.RemoteTestNG.initAndRun(RemoteTestNG.java:293)
at org.testng.remote.RemoteTestNG.main(RemoteTestNG.java:91)
]]>
            </full-stacktrace>
          </exception> <!-- org.openqa.selenium.NoSuchElementException -->
          <reporter-output>
          </reporter-output>
        </test-method> <!-- clickCancelButtonTest -->
        <test-method is-config="true" signature="tearDown()[pri:0, instance:com.orangehrm.qa.testcases.ForgotPasswordPageTest@20b12f8a]" started-at="2024-12-11T11:30:34 IST" name="tearDown" finished-at="2024-12-11T11:30:35 IST" duration-ms="753" status="PASS">
          <reporter-output>
          </reporter-output>
        </test-method> <!-- tearDown -->
        <test-method is-config="true" signature="setUp()[pri:0, instance:com.orangehrm.qa.testcases.ForgotPasswordPageTest@20b12f8a]" started-at="2024-12-11T11:30:35 IST" name="setUp" finished-at="2024-12-11T11:30:47 IST" duration-ms="12113" status="PASS">
          <reporter-output>
          </reporter-output>
        </test-method> <!-- setUp -->
        <test-method signature="clickResetButtonTest()[pri:7, instance:com.orangehrm.qa.testcases.ForgotPasswordPageTest@20b12f8a]" started-at="2024-12-11T11:30:47 IST" name="clickResetButtonTest" finished-at="2024-12-11T11:31:17 IST" duration-ms="30109" status="FAIL">
          <exception class="org.openqa.selenium.NoSuchElementException">
            <message>
              <![CDATA[no such element: Unable to locate element: {"method":"xpath","selector":"//button[normalize-space()='Reset Password']"}
  (Session info: chrome=131.0.6778.139)
For documentation on this error, please visit: https://www.selenium.dev/documentation/webdriver/troubleshooting/errors#no-such-element-exception
Build info: version: '4.27.0', revision: 'd6e718d134'
System info: os.name: 'Windows 10', os.arch: 'amd64', os.version: '10.0', java.version: '23'
Driver info: org.openqa.selenium.chrome.ChromeDriver
Command: [6fea354b8aabfc7489b86abbcc95aae8, findElement {value=//button[normalize-space()='Reset Password'], using=xpath}]
Capabilities {acceptInsecureCerts: false, browserName: chrome, browserVersion: 131.0.6778.139, chrome: {chromedriverVersion: 131.0.6778.85 (3d81e41b6f3a..., userDataDir: C:\Users\yuvan\AppData\Loca...}, fedcm:accounts: true, goog:chromeOptions: {debuggerAddress: localhost:51622}, networkConnectionEnabled: false, pageLoadStrategy: normal, platformName: windows, proxy: Proxy(), se:cdp: ws://localhost:51622/devtoo..., se:cdpVersion: 131.0.6778.139, setWindowRect: true, strictFileInteractability: false, timeouts: {implicit: 0, pageLoad: 300000, script: 30000}, unhandledPromptBehavior: dismiss and notify, webauthn:extension:credBlob: true, webauthn:extension:largeBlob: true, webauthn:extension:minPinLength: true, webauthn:extension:prf: true, webauthn:virtualAuthenticators: true}
Session ID: 6fea354b8aabfc7489b86abbcc95aae8]]>
            </message>
            <full-stacktrace>
              <![CDATA[org.openqa.selenium.NoSuchElementException: no such element: Unable to locate element: {"method":"xpath","selector":"//button[normalize-space()='Reset Password']"}
  (Session info: chrome=131.0.6778.139)
For documentation on this error, please visit: https://www.selenium.dev/documentation/webdriver/troubleshooting/errors#no-such-element-exception
Build info: version: '4.27.0', revision: 'd6e718d134'
System info: os.name: 'Windows 10', os.arch: 'amd64', os.version: '10.0', java.version: '23'
Driver info: org.openqa.selenium.chrome.ChromeDriver
Command: [6fea354b8aabfc7489b86abbcc95aae8, findElement {value=//button[normalize-space()='Reset Password'], using=xpath}]
Capabilities {acceptInsecureCerts: false, browserName: chrome, browserVersion: 131.0.6778.139, chrome: {chromedriverVersion: 131.0.6778.85 (3d81e41b6f3a..., userDataDir: C:\Users\yuvan\AppData\Loca...}, fedcm:accounts: true, goog:chromeOptions: {debuggerAddress: localhost:51622}, networkConnectionEnabled: false, pageLoadStrategy: normal, platformName: windows, proxy: Proxy(), se:cdp: ws://localhost:51622/devtoo..., se:cdpVersion: 131.0.6778.139, setWindowRect: true, strictFileInteractability: false, timeouts: {implicit: 0, pageLoad: 300000, script: 30000}, unhandledPromptBehavior: dismiss and notify, webauthn:extension:credBlob: true, webauthn:extension:largeBlob: true, webauthn:extension:minPinLength: true, webauthn:extension:prf: true, webauthn:virtualAuthenticators: true}
Session ID: 6fea354b8aabfc7489b86abbcc95aae8
at java.base/jdk.internal.reflect.DirectConstructorHandleAccessor.newInstance(DirectConstructorHandleAccessor.java:62)
at java.base/java.lang.reflect.Constructor.newInstanceWithCaller(Constructor.java:501)
at java.base/java.lang.reflect.Constructor.newInstance(Constructor.java:485)
at org.openqa.selenium.remote.ErrorCodec.decode(ErrorCodec.java:167)
at org.openqa.selenium.remote.codec.w3c.W3CHttpResponseCodec.decode(W3CHttpResponseCodec.java:138)
at org.openqa.selenium.remote.codec.w3c.W3CHttpResponseCodec.decode(W3CHttpResponseCodec.java:50)
at org.openqa.selenium.remote.HttpCommandExecutor.execute(HttpCommandExecutor.java:190)
at org.openqa.selenium.remote.service.DriverCommandExecutor.invokeExecute(DriverCommandExecutor.java:216)
at org.openqa.selenium.remote.service.DriverCommandExecutor.execute(DriverCommandExecutor.java:174)
at org.openqa.selenium.remote.RemoteWebDriver.execute(RemoteWebDriver.java:545)
at org.openqa.selenium.remote.ElementLocation$ElementFinder$2.findElement(ElementLocation.java:165)
at org.openqa.selenium.remote.ElementLocation.findElement(ElementLocation.java:59)
at org.openqa.selenium.remote.RemoteWebDriver.findElement(RemoteWebDriver.java:368)
at org.openqa.selenium.remote.RemoteWebDriver.findElement(RemoteWebDriver.java:362)
at org.openqa.selenium.support.pagefactory.DefaultElementLocator.findElement(DefaultElementLocator.java:68)
at org.openqa.selenium.support.pagefactory.internal.LocatingElementHandler.invoke(LocatingElementHandler.java:38)
at jdk.proxy2/jdk.proxy2.$Proxy28.click(Unknown Source)
at com.orangehrm.qa.pages.ForgotPasswordPage.clickResetButton(ForgotPasswordPage.java:85)
at com.orangehrm.qa.testcases.ForgotPasswordPageTest.clickResetButtonTest(ForgotPasswordPageTest.java:84)
at java.base/jdk.internal.reflect.DirectMethodHandleAccessor.invoke(DirectMethodHandleAccessor.java:103)
at java.base/java.lang.reflect.Method.invoke(Method.java:580)
at org.testng.internal.MethodInvocationHelper.invokeMethod(MethodInvocationHelper.java:133)
at org.testng.internal.TestInvoker.invokeMethod(TestInvoker.java:598)
at org.testng.internal.TestInvoker.invokeTestMethod(TestInvoker.java:173)
at org.testng.internal.MethodRunner.runInSequence(MethodRunner.java:46)
at org.testng.internal.TestInvoker$MethodInvocationAgent.invoke(TestInvoker.java:824)
at org.testng.internal.TestInvoker.invokeTestMethods(TestInvoker.java:146)
at org.testng.internal.TestMethodWorker.invokeTestMethods(TestMethodWorker.java:146)
at org.testng.internal.TestMethodWorker.run(TestMethodWorker.java:128)
at java.base/java.util.ArrayList.forEach(ArrayList.java:1597)
at org.testng.TestRunner.privateRun(TestRunner.java:794)
at org.testng.TestRunner.run(TestRunner.java:596)
at org.testng.SuiteRunner.runTest(SuiteRunner.java:377)
at org.testng.SuiteRunner.runSequentially(SuiteRunner.java:371)
at org.testng.SuiteRunner.privateRun(SuiteRunner.java:332)
at org.testng.SuiteRunner.run(SuiteRunner.java:276)
at org.testng.SuiteRunnerWorker.runSuite(SuiteRunnerWorker.java:53)
at org.testng.SuiteRunnerWorker.run(SuiteRunnerWorker.java:96)
at org.testng.TestNG.runSuitesSequentially(TestNG.java:1212)
at org.testng.TestNG.runSuitesLocally(TestNG.java:1134)
at org.testng.TestNG.runSuites(TestNG.java:1063)
at org.testng.TestNG.run(TestNG.java:1031)
at org.testng.remote.AbstractRemoteTestNG.run(AbstractRemoteTestNG.java:115)
at org.testng.remote.RemoteTestNG.initAndRun(RemoteTestNG.java:293)
at org.testng.remote.RemoteTestNG.main(RemoteTestNG.java:91)
]]>
            </full-stacktrace>
          </exception> <!-- org.openqa.selenium.NoSuchElementException -->
          <reporter-output>
          </reporter-output>
        </test-method> <!-- clickResetButtonTest -->
        <test-method is-config="true" signature="tearDown()[pri:0, instance:com.orangehrm.qa.testcases.ForgotPasswordPageTest@20b12f8a]" started-at="2024-12-11T11:31:18 IST" name="tearDown" finished-at="2024-12-11T11:31:18 IST" duration-ms="771" status="PASS">
          <reporter-output>
          </reporter-output>
        </test-method> <!-- tearDown -->
        <test-method is-config="true" signature="setUp()[pri:0, instance:com.orangehrm.qa.testcases.ForgotPasswordPageTest@20b12f8a]" started-at="2024-12-11T11:31:18 IST" name="setUp" finished-at="2024-12-11T11:31:35 IST" duration-ms="16354" status="PASS">
          <reporter-output>
          </reporter-output>
        </test-method> <!-- setUp -->
        <test-method signature="enterUsernameTest()[pri:8, instance:com.orangehrm.qa.testcases.ForgotPasswordPageTest@20b12f8a]" started-at="2024-12-11T11:31:35 IST" name="enterUsernameTest" finished-at="2024-12-11T11:31:40 IST" duration-ms="4967" status="PASS">
          <reporter-output>
          </reporter-output>
        </test-method> <!-- enterUsernameTest -->
        <test-method is-config="true" signature="tearDown()[pri:0, instance:com.orangehrm.qa.testcases.ForgotPasswordPageTest@20b12f8a]" started-at="2024-12-11T11:31:40 IST" name="tearDown" finished-at="2024-12-11T11:31:41 IST" duration-ms="791" status="PASS">
          <reporter-output>
          </reporter-output>
        </test-method> <!-- tearDown -->
        <test-method is-config="true" signature="setUp()[pri:0, instance:com.orangehrm.qa.testcases.ForgotPasswordPageTest@20b12f8a]" started-at="2024-12-11T11:31:41 IST" name="setUp" finished-at="2024-12-11T11:31:57 IST" duration-ms="16030" status="PASS">
          <reporter-output>
          </reporter-output>
        </test-method> <!-- setUp -->
        <test-method signature="clickMainPageLinkTest()[pri:9, instance:com.orangehrm.qa.testcases.ForgotPasswordPageTest@20b12f8a]" started-at="2024-12-11T11:31:57 IST" name="clickMainPageLinkTest" finished-at="2024-12-11T11:32:31 IST" duration-ms="34113" status="PASS">
          <reporter-output>
          </reporter-output>
        </test-method> <!-- clickMainPageLinkTest -->
        <test-method is-config="true" signature="tearDown()[pri:0, instance:com.orangehrm.qa.testcases.ForgotPasswordPageTest@20b12f8a]" started-at="2024-12-11T11:32:31 IST" name="tearDown" finished-at="2024-12-11T11:32:33 IST" duration-ms="2441" status="PASS">
          <reporter-output>
          </reporter-output>
        </test-method> <!-- tearDown -->
      </class> <!-- com.orangehrm.qa.testcases.ForgotPasswordPageTest -->
      <class name="com.orangehrm.qa.testcases.ChangePasswordPageTest">
        <test-method is-config="true" signature="SetUp()[pri:0, instance:com.orangehrm.qa.testcases.ChangePasswordPageTest@7d42c224]" started-at="2024-12-11T11:41:07 IST" name="SetUp" finished-at="2024-12-11T11:41:38 IST" duration-ms="30995" status="PASS">
          <reporter-output>
          </reporter-output>
        </test-method> <!-- SetUp -->
        <test-method signature="changeHeaderUpdatePasswordTest()[pri:1, instance:com.orangehrm.qa.testcases.ChangePasswordPageTest@7d42c224]" started-at="2024-12-11T11:41:38 IST" name="changeHeaderUpdatePasswordTest" finished-at="2024-12-11T11:41:39 IST" duration-ms="774" status="PASS">
          <reporter-output>
          </reporter-output>
        </test-method> <!-- changeHeaderUpdatePasswordTest -->
        <test-method is-config="true" signature="tearDown()[pri:0, instance:com.orangehrm.qa.testcases.ChangePasswordPageTest@7d42c224]" started-at="2024-12-11T11:41:39 IST" name="tearDown" finished-at="2024-12-11T11:41:42 IST" duration-ms="3407" status="PASS">
          <reporter-output>
          </reporter-output>
        </test-method> <!-- tearDown -->
        <test-method is-config="true" signature="SetUp()[pri:0, instance:com.orangehrm.qa.testcases.ChangePasswordPageTest@7d42c224]" started-at="2024-12-11T11:41:42 IST" name="SetUp" finished-at="2024-12-11T11:42:05 IST" duration-ms="22220" status="PASS">
          <reporter-output>
          </reporter-output>
        </test-method> <!-- SetUp -->
        <test-method signature="changeHeaderUsernameTest()[pri:2, instance:com.orangehrm.qa.testcases.ChangePasswordPageTest@7d42c224]" started-at="2024-12-11T11:42:05 IST" name="changeHeaderUsernameTest" finished-at="2024-12-11T11:42:06 IST" duration-ms="960" status="PASS">
          <reporter-output>
          </reporter-output>
        </test-method> <!-- changeHeaderUsernameTest -->
        <test-method is-config="true" signature="tearDown()[pri:0, instance:com.orangehrm.qa.testcases.ChangePasswordPageTest@7d42c224]" started-at="2024-12-11T11:42:06 IST" name="tearDown" finished-at="2024-12-11T11:42:06 IST" duration-ms="846" status="PASS">
          <reporter-output>
          </reporter-output>
        </test-method> <!-- tearDown -->
        <test-method is-config="true" signature="SetUp()[pri:0, instance:com.orangehrm.qa.testcases.ChangePasswordPageTest@7d42c224]" started-at="2024-12-11T11:42:06 IST" name="SetUp" finished-at="2024-12-11T11:42:31 IST" duration-ms="24467" status="PASS">
          <reporter-output>
          </reporter-output>
        </test-method> <!-- SetUp -->
        <test-method signature="changeUsernameAdminTest()[pri:3, instance:com.orangehrm.qa.testcases.ChangePasswordPageTest@7d42c224]" started-at="2024-12-11T11:42:31 IST" name="changeUsernameAdminTest" finished-at="2024-12-11T11:42:32 IST" duration-ms="662" status="PASS">
          <reporter-output>
          </reporter-output>
        </test-method> <!-- changeUsernameAdminTest -->
        <test-method is-config="true" signature="tearDown()[pri:0, instance:com.orangehrm.qa.testcases.ChangePasswordPageTest@7d42c224]" started-at="2024-12-11T11:42:32 IST" name="tearDown" finished-at="2024-12-11T11:42:33 IST" duration-ms="884" status="PASS">
          <reporter-output>
          </reporter-output>
        </test-method> <!-- tearDown -->
        <test-method is-config="true" signature="SetUp()[pri:0, instance:com.orangehrm.qa.testcases.ChangePasswordPageTest@7d42c224]" started-at="2024-12-11T11:42:33 IST" name="SetUp" finished-at="2024-12-11T11:42:57 IST" duration-ms="24650" status="PASS">
          <reporter-output>
          </reporter-output>
        </test-method> <!-- SetUp -->
        <test-method signature="changeCurrentPasswordTest()[pri:4, instance:com.orangehrm.qa.testcases.ChangePasswordPageTest@7d42c224]" started-at="2024-12-11T11:42:57 IST" name="changeCurrentPasswordTest" finished-at="2024-12-11T11:42:58 IST" duration-ms="823" status="PASS">
          <reporter-output>
          </reporter-output>
        </test-method> <!-- changeCurrentPasswordTest -->
        <test-method is-config="true" signature="tearDown()[pri:0, instance:com.orangehrm.qa.testcases.ChangePasswordPageTest@7d42c224]" started-at="2024-12-11T11:42:58 IST" name="tearDown" finished-at="2024-12-11T11:42:59 IST" duration-ms="780" status="PASS">
          <reporter-output>
          </reporter-output>
        </test-method> <!-- tearDown -->
        <test-method is-config="true" signature="SetUp()[pri:0, instance:com.orangehrm.qa.testcases.ChangePasswordPageTest@7d42c224]" started-at="2024-12-11T11:42:59 IST" name="SetUp" finished-at="2024-12-11T11:43:29 IST" duration-ms="29755" status="PASS">
          <reporter-output>
          </reporter-output>
        </test-method> <!-- SetUp -->
        <test-method signature="changeCurrentPasswordValueTest()[pri:5, instance:com.orangehrm.qa.testcases.ChangePasswordPageTest@7d42c224]" started-at="2024-12-11T11:43:29 IST" name="changeCurrentPasswordValueTest" finished-at="2024-12-11T11:43:30 IST" duration-ms="1124" status="PASS">
          <reporter-output>
          </reporter-output>
        </test-method> <!-- changeCurrentPasswordValueTest -->
        <test-method is-config="true" signature="tearDown()[pri:0, instance:com.orangehrm.qa.testcases.ChangePasswordPageTest@7d42c224]" started-at="2024-12-11T11:43:30 IST" name="tearDown" finished-at="2024-12-11T11:43:31 IST" duration-ms="962" status="PASS">
          <reporter-output>
          </reporter-output>
        </test-method> <!-- tearDown -->
        <test-method is-config="true" signature="SetUp()[pri:0, instance:com.orangehrm.qa.testcases.ChangePasswordPageTest@7d42c224]" started-at="2024-12-11T11:43:31 IST" name="SetUp" finished-at="2024-12-11T11:43:57 IST" duration-ms="26363" status="PASS">
          <reporter-output>
          </reporter-output>
        </test-method> <!-- SetUp -->
        <test-method signature="changePasswordTest()[pri:6, instance:com.orangehrm.qa.testcases.ChangePasswordPageTest@7d42c224]" started-at="2024-12-11T11:43:57 IST" name="changePasswordTest" finished-at="2024-12-11T11:43:58 IST" duration-ms="782" status="PASS">
          <reporter-output>
          </reporter-output>
        </test-method> <!-- changePasswordTest -->
        <test-method is-config="true" signature="tearDown()[pri:0, instance:com.orangehrm.qa.testcases.ChangePasswordPageTest@7d42c224]" started-at="2024-12-11T11:43:58 IST" name="tearDown" finished-at="2024-12-11T11:43:59 IST" duration-ms="944" status="PASS">
          <reporter-output>
          </reporter-output>
        </test-method> <!-- tearDown -->
        <test-method is-config="true" signature="SetUp()[pri:0, instance:com.orangehrm.qa.testcases.ChangePasswordPageTest@7d42c224]" started-at="2024-12-11T11:43:59 IST" name="SetUp" finished-at="2024-12-11T11:44:24 IST" duration-ms="25170" status="PASS">
          <reporter-output>
          </reporter-output>
        </test-method> <!-- SetUp -->
        <test-method signature="changePasswordValueTest()[pri:7, instance:com.orangehrm.qa.testcases.ChangePasswordPageTest@7d42c224]" started-at="2024-12-11T11:44:24 IST" name="changePasswordValueTest" finished-at="2024-12-11T11:44:25 IST" duration-ms="1097" status="PASS">
          <reporter-output>
          </reporter-output>
        </test-method> <!-- changePasswordValueTest -->
        <test-method is-config="true" signature="tearDown()[pri:0, instance:com.orangehrm.qa.testcases.ChangePasswordPageTest@7d42c224]" started-at="2024-12-11T11:44:25 IST" name="tearDown" finished-at="2024-12-11T11:44:26 IST" duration-ms="882" status="PASS">
          <reporter-output>
          </reporter-output>
        </test-method> <!-- tearDown -->
        <test-method is-config="true" signature="SetUp()[pri:0, instance:com.orangehrm.qa.testcases.ChangePasswordPageTest@7d42c224]" started-at="2024-12-11T11:44:26 IST" name="SetUp" finished-at="2024-12-11T11:44:50 IST" duration-ms="24257" status="PASS">
          <reporter-output>
          </reporter-output>
        </test-method> <!-- SetUp -->
        <test-method signature="changeConfirmPasswordTest()[pri:8, instance:com.orangehrm.qa.testcases.ChangePasswordPageTest@7d42c224]" started-at="2024-12-11T11:44:50 IST" name="changeConfirmPasswordTest" finished-at="2024-12-11T11:44:51 IST" duration-ms="1068" status="PASS">
          <reporter-output>
          </reporter-output>
        </test-method> <!-- changeConfirmPasswordTest -->
        <test-method is-config="true" signature="tearDown()[pri:0, instance:com.orangehrm.qa.testcases.ChangePasswordPageTest@7d42c224]" started-at="2024-12-11T11:44:52 IST" name="tearDown" finished-at="2024-12-11T11:44:54 IST" duration-ms="2391" status="PASS">
          <reporter-output>
          </reporter-output>
        </test-method> <!-- tearDown -->
        <test-method is-config="true" signature="SetUp()[pri:0, instance:com.orangehrm.qa.testcases.ChangePasswordPageTest@7d42c224]" started-at="2024-12-11T11:44:54 IST" name="SetUp" finished-at="2024-12-11T11:45:22 IST" duration-ms="27549" status="PASS">
          <reporter-output>
          </reporter-output>
        </test-method> <!-- SetUp -->
        <test-method signature="changeConfirmPasswordValueTest()[pri:9, instance:com.orangehrm.qa.testcases.ChangePasswordPageTest@7d42c224]" started-at="2024-12-11T11:45:22 IST" name="changeConfirmPasswordValueTest" finished-at="2024-12-11T11:45:23 IST" duration-ms="1059" status="PASS">
          <reporter-output>
          </reporter-output>
        </test-method> <!-- changeConfirmPasswordValueTest -->
        <test-method is-config="true" signature="tearDown()[pri:0, instance:com.orangehrm.qa.testcases.ChangePasswordPageTest@7d42c224]" started-at="2024-12-11T11:45:23 IST" name="tearDown" finished-at="2024-12-11T11:45:27 IST" duration-ms="3790" status="PASS">
          <reporter-output>
          </reporter-output>
        </test-method> <!-- tearDown -->
        <test-method is-config="true" signature="SetUp()[pri:0, instance:com.orangehrm.qa.testcases.ChangePasswordPageTest@7d42c224]" started-at="2024-12-11T11:45:27 IST" name="SetUp" finished-at="2024-12-11T11:45:51 IST" duration-ms="24740" status="PASS">
          <reporter-output>
          </reporter-output>
        </test-method> <!-- SetUp -->
        <test-method signature="changeUserPasswordHintTest()[pri:10, instance:com.orangehrm.qa.testcases.ChangePasswordPageTest@7d42c224]" started-at="2024-12-11T11:45:51 IST" name="changeUserPasswordHintTest" finished-at="2024-12-11T11:45:52 IST" duration-ms="930" status="PASS">
          <reporter-output>
          </reporter-output>
        </test-method> <!-- changeUserPasswordHintTest -->
        <test-method is-config="true" signature="tearDown()[pri:0, instance:com.orangehrm.qa.testcases.ChangePasswordPageTest@7d42c224]" started-at="2024-12-11T11:45:52 IST" name="tearDown" finished-at="2024-12-11T11:45:53 IST" duration-ms="811" status="PASS">
          <reporter-output>
          </reporter-output>
        </test-method> <!-- tearDown -->
        <test-method is-config="true" signature="SetUp()[pri:0, instance:com.orangehrm.qa.testcases.ChangePasswordPageTest@7d42c224]" started-at="2024-12-11T11:45:53 IST" name="SetUp" finished-at="2024-12-11T11:46:27 IST" duration-ms="33786" status="PASS">
          <reporter-output>
          </reporter-output>
        </test-method> <!-- SetUp -->
        <test-method signature="changeRequiredTextTest()[pri:11, instance:com.orangehrm.qa.testcases.ChangePasswordPageTest@7d42c224]" started-at="2024-12-11T11:46:27 IST" name="changeRequiredTextTest" finished-at="2024-12-11T11:46:28 IST" duration-ms="1002" status="PASS">
          <reporter-output>
          </reporter-output>
        </test-method> <!-- changeRequiredTextTest -->
        <test-method is-config="true" signature="tearDown()[pri:0, instance:com.orangehrm.qa.testcases.ChangePasswordPageTest@7d42c224]" started-at="2024-12-11T11:46:28 IST" name="tearDown" finished-at="2024-12-11T11:46:31 IST" duration-ms="2439" status="PASS">
          <reporter-output>
          </reporter-output>
        </test-method> <!-- tearDown -->
        <test-method is-config="true" signature="SetUp()[pri:0, instance:com.orangehrm.qa.testcases.ChangePasswordPageTest@7d42c224]" started-at="2024-12-11T11:46:31 IST" name="SetUp" finished-at="2024-12-11T11:47:16 IST" duration-ms="45608" status="PASS">
          <reporter-output>
          </reporter-output>
        </test-method> <!-- SetUp -->
        <test-method signature="changeCancelButtonTest()[pri:12, instance:com.orangehrm.qa.testcases.ChangePasswordPageTest@7d42c224]" started-at="2024-12-11T11:47:16 IST" name="changeCancelButtonTest" finished-at="2024-12-11T11:47:48 IST" duration-ms="31944" status="FAIL">
          <exception class="org.openqa.selenium.NoSuchElementException">
            <message>
              <![CDATA[no such element: Unable to locate element: {"method":"xpath","selector":"//button[normalize-space()='Cancel']"}
  (Session info: chrome=131.0.6778.139)
For documentation on this error, please visit: https://www.selenium.dev/documentation/webdriver/troubleshooting/errors#no-such-element-exception
Build info: version: '4.27.0', revision: 'd6e718d134'
System info: os.name: 'Windows 10', os.arch: 'amd64', os.version: '10.0', java.version: '23'
Driver info: org.openqa.selenium.chrome.ChromeDriver
Command: [1279114d7c879a4c2b65fea308fb8193, findElement {value=//button[normalize-space()='Cancel'], using=xpath}]
Capabilities {acceptInsecureCerts: false, browserName: chrome, browserVersion: 131.0.6778.139, chrome: {chromedriverVersion: 131.0.6778.85 (3d81e41b6f3a..., userDataDir: C:\Users\yuvan\AppData\Loca...}, fedcm:accounts: true, goog:chromeOptions: {debuggerAddress: localhost:53026}, networkConnectionEnabled: false, pageLoadStrategy: normal, platformName: windows, proxy: Proxy(), se:cdp: ws://localhost:53026/devtoo..., se:cdpVersion: 131.0.6778.139, setWindowRect: true, strictFileInteractability: false, timeouts: {implicit: 0, pageLoad: 300000, script: 30000}, unhandledPromptBehavior: dismiss and notify, webauthn:extension:credBlob: true, webauthn:extension:largeBlob: true, webauthn:extension:minPinLength: true, webauthn:extension:prf: true, webauthn:virtualAuthenticators: true}
Session ID: 1279114d7c879a4c2b65fea308fb8193]]>
            </message>
            <full-stacktrace>
              <![CDATA[org.openqa.selenium.NoSuchElementException: no such element: Unable to locate element: {"method":"xpath","selector":"//button[normalize-space()='Cancel']"}
  (Session info: chrome=131.0.6778.139)
For documentation on this error, please visit: https://www.selenium.dev/documentation/webdriver/troubleshooting/errors#no-such-element-exception
Build info: version: '4.27.0', revision: 'd6e718d134'
System info: os.name: 'Windows 10', os.arch: 'amd64', os.version: '10.0', java.version: '23'
Driver info: org.openqa.selenium.chrome.ChromeDriver
Command: [1279114d7c879a4c2b65fea308fb8193, findElement {value=//button[normalize-space()='Cancel'], using=xpath}]
Capabilities {acceptInsecureCerts: false, browserName: chrome, browserVersion: 131.0.6778.139, chrome: {chromedriverVersion: 131.0.6778.85 (3d81e41b6f3a..., userDataDir: C:\Users\yuvan\AppData\Loca...}, fedcm:accounts: true, goog:chromeOptions: {debuggerAddress: localhost:53026}, networkConnectionEnabled: false, pageLoadStrategy: normal, platformName: windows, proxy: Proxy(), se:cdp: ws://localhost:53026/devtoo..., se:cdpVersion: 131.0.6778.139, setWindowRect: true, strictFileInteractability: false, timeouts: {implicit: 0, pageLoad: 300000, script: 30000}, unhandledPromptBehavior: dismiss and notify, webauthn:extension:credBlob: true, webauthn:extension:largeBlob: true, webauthn:extension:minPinLength: true, webauthn:extension:prf: true, webauthn:virtualAuthenticators: true}
Session ID: 1279114d7c879a4c2b65fea308fb8193
at java.base/jdk.internal.reflect.DirectConstructorHandleAccessor.newInstance(DirectConstructorHandleAccessor.java:62)
at java.base/java.lang.reflect.Constructor.newInstanceWithCaller(Constructor.java:501)
at java.base/java.lang.reflect.Constructor.newInstance(Constructor.java:485)
at org.openqa.selenium.remote.ErrorCodec.decode(ErrorCodec.java:167)
at org.openqa.selenium.remote.codec.w3c.W3CHttpResponseCodec.decode(W3CHttpResponseCodec.java:138)
at org.openqa.selenium.remote.codec.w3c.W3CHttpResponseCodec.decode(W3CHttpResponseCodec.java:50)
at org.openqa.selenium.remote.HttpCommandExecutor.execute(HttpCommandExecutor.java:190)
at org.openqa.selenium.remote.service.DriverCommandExecutor.invokeExecute(DriverCommandExecutor.java:216)
at org.openqa.selenium.remote.service.DriverCommandExecutor.execute(DriverCommandExecutor.java:174)
at org.openqa.selenium.remote.RemoteWebDriver.execute(RemoteWebDriver.java:545)
at org.openqa.selenium.remote.ElementLocation$ElementFinder$2.findElement(ElementLocation.java:165)
at org.openqa.selenium.remote.ElementLocation.findElement(ElementLocation.java:59)
at org.openqa.selenium.remote.RemoteWebDriver.findElement(RemoteWebDriver.java:368)
at org.openqa.selenium.remote.RemoteWebDriver.findElement(RemoteWebDriver.java:362)
at org.openqa.selenium.support.pagefactory.DefaultElementLocator.findElement(DefaultElementLocator.java:68)
at org.openqa.selenium.support.pagefactory.internal.LocatingElementHandler.invoke(LocatingElementHandler.java:38)
at jdk.proxy2/jdk.proxy2.$Proxy28.isEnabled(Unknown Source)
at com.orangehrm.qa.pages.ChangePasswordPage.changeCancelButton(ChangePasswordPage.java:137)
at com.orangehrm.qa.testcases.ChangePasswordPageTest.changeCancelButtonTest(ChangePasswordPageTest.java:125)
at java.base/jdk.internal.reflect.DirectMethodHandleAccessor.invoke(DirectMethodHandleAccessor.java:103)
at java.base/java.lang.reflect.Method.invoke(Method.java:580)
at org.testng.internal.MethodInvocationHelper.invokeMethod(MethodInvocationHelper.java:133)
at org.testng.internal.TestInvoker.invokeMethod(TestInvoker.java:598)
at org.testng.internal.TestInvoker.invokeTestMethod(TestInvoker.java:173)
at org.testng.internal.MethodRunner.runInSequence(MethodRunner.java:46)
at org.testng.internal.TestInvoker$MethodInvocationAgent.invoke(TestInvoker.java:824)
at org.testng.internal.TestInvoker.invokeTestMethods(TestInvoker.java:146)
at org.testng.internal.TestMethodWorker.invokeTestMethods(TestMethodWorker.java:146)
at org.testng.internal.TestMethodWorker.run(TestMethodWorker.java:128)
at java.base/java.util.ArrayList.forEach(ArrayList.java:1597)
at org.testng.TestRunner.privateRun(TestRunner.java:794)
at org.testng.TestRunner.run(TestRunner.java:596)
at org.testng.SuiteRunner.runTest(SuiteRunner.java:377)
at org.testng.SuiteRunner.runSequentially(SuiteRunner.java:371)
at org.testng.SuiteRunner.privateRun(SuiteRunner.java:332)
at org.testng.SuiteRunner.run(SuiteRunner.java:276)
at org.testng.SuiteRunnerWorker.runSuite(SuiteRunnerWorker.java:53)
at org.testng.SuiteRunnerWorker.run(SuiteRunnerWorker.java:96)
at org.testng.TestNG.runSuitesSequentially(TestNG.java:1212)
at org.testng.TestNG.runSuitesLocally(TestNG.java:1134)
at org.testng.TestNG.runSuites(TestNG.java:1063)
at org.testng.TestNG.run(TestNG.java:1031)
at org.testng.remote.AbstractRemoteTestNG.run(AbstractRemoteTestNG.java:115)
at org.testng.remote.RemoteTestNG.initAndRun(RemoteTestNG.java:293)
at org.testng.remote.RemoteTestNG.main(RemoteTestNG.java:91)
]]>
            </full-stacktrace>
          </exception> <!-- org.openqa.selenium.NoSuchElementException -->
          <reporter-output>
          </reporter-output>
        </test-method> <!-- changeCancelButtonTest -->
        <test-method is-config="true" signature="tearDown()[pri:0, instance:com.orangehrm.qa.testcases.ChangePasswordPageTest@7d42c224]" started-at="2024-12-11T11:47:49 IST" name="tearDown" finished-at="2024-12-11T11:47:51 IST" duration-ms="2080" status="PASS">
          <reporter-output>
          </reporter-output>
        </test-method> <!-- tearDown -->
        <test-method is-config="true" signature="SetUp()[pri:0, instance:com.orangehrm.qa.testcases.ChangePasswordPageTest@7d42c224]" started-at="2024-12-11T11:47:51 IST" name="SetUp" finished-at="2024-12-11T11:48:19 IST" duration-ms="27168" status="PASS">
          <reporter-output>
          </reporter-output>
        </test-method> <!-- SetUp -->
        <test-method signature="changeResetButtonTest()[pri:13, instance:com.orangehrm.qa.testcases.ChangePasswordPageTest@7d42c224]" started-at="2024-12-11T11:48:19 IST" name="changeResetButtonTest" finished-at="2024-12-11T11:48:19 IST" duration-ms="859" status="PASS">
          <reporter-output>
          </reporter-output>
        </test-method> <!-- changeResetButtonTest -->
        <test-method is-config="true" signature="tearDown()[pri:0, instance:com.orangehrm.qa.testcases.ChangePasswordPageTest@7d42c224]" started-at="2024-12-11T11:48:19 IST" name="tearDown" finished-at="2024-12-11T11:48:23 IST" duration-ms="3894" status="PASS">
          <reporter-output>
          </reporter-output>
        </test-method> <!-- tearDown -->
        <test-method is-config="true" signature="SetUp()[pri:0, instance:com.orangehrm.qa.testcases.ChangePasswordPageTest@7d42c224]" started-at="2024-12-11T11:48:23 IST" name="SetUp" finished-at="2024-12-11T11:48:52 IST" duration-ms="28190" status="PASS">
          <reporter-output>
          </reporter-output>
        </test-method> <!-- SetUp -->
        <test-method signature="changeCurrentPasswordRequiredTest()[pri:14, instance:com.orangehrm.qa.testcases.ChangePasswordPageTest@7d42c224]" started-at="2024-12-11T11:48:52 IST" name="changeCurrentPasswordRequiredTest" finished-at="2024-12-11T11:48:54 IST" duration-ms="2156" status="PASS">
          <reporter-output>
          </reporter-output>
        </test-method> <!-- changeCurrentPasswordRequiredTest -->
        <test-method is-config="true" signature="tearDown()[pri:0, instance:com.orangehrm.qa.testcases.ChangePasswordPageTest@7d42c224]" started-at="2024-12-11T11:48:54 IST" name="tearDown" finished-at="2024-12-11T11:48:55 IST" duration-ms="963" status="PASS">
          <reporter-output>
          </reporter-output>
        </test-method> <!-- tearDown -->
        <test-method is-config="true" signature="SetUp()[pri:0, instance:com.orangehrm.qa.testcases.ChangePasswordPageTest@7d42c224]" started-at="2024-12-11T11:48:55 IST" name="SetUp" finished-at="2024-12-11T11:49:32 IST" duration-ms="37560" status="PASS">
          <reporter-output>
          </reporter-output>
        </test-method> <!-- SetUp -->
        <test-method signature="changeCompleteResetButtonTest()[pri:15, instance:com.orangehrm.qa.testcases.ChangePasswordPageTest@7d42c224]" started-at="2024-12-11T11:49:32 IST" name="changeCompleteResetButtonTest" finished-at="2024-12-11T11:49:38 IST" duration-ms="6064" status="PASS">
          <reporter-output>
          </reporter-output>
        </test-method> <!-- changeCompleteResetButtonTest -->
        <test-method is-config="true" signature="tearDown()[pri:0, instance:com.orangehrm.qa.testcases.ChangePasswordPageTest@7d42c224]" started-at="2024-12-11T11:49:38 IST" name="tearDown" finished-at="2024-12-11T11:49:40 IST" duration-ms="1498" status="PASS">
          <reporter-output>
          </reporter-output>
        </test-method> <!-- tearDown -->
      </class> <!-- com.orangehrm.qa.testcases.ChangePasswordPageTest -->
      <class name="com.orangehrm.qa.testcases.AttendancePageTest">
        <test-method is-config="true" signature="SetUp()[pri:0, instance:com.orangehrm.qa.testcases.AttendancePageTest@56aaaecd]" started-at="2024-12-11T11:49:40 IST" name="SetUp" finished-at="2024-12-11T11:50:09 IST" duration-ms="29133" status="PASS">
          <reporter-output>
          </reporter-output>
        </test-method> <!-- SetUp -->
        <test-method signature="calandar()[pri:0, instance:com.orangehrm.qa.testcases.AttendancePageTest@56aaaecd]" started-at="2024-12-11T11:50:09 IST" name="calandar" finished-at="2024-12-11T11:50:12 IST" duration-ms="2833" status="FAIL">
          <exception class="java.lang.NullPointerException">
            <message>
              <![CDATA[Cannot invoke "com.orangehrm.qa.util.TestUtil.waitForvisibilityOfElement(org.openqa.selenium.WebElement)" because "this.testutil" is null]]>
            </message>
            <full-stacktrace>
              <![CDATA[java.lang.NullPointerException: Cannot invoke "com.orangehrm.qa.util.TestUtil.waitForvisibilityOfElement(org.openqa.selenium.WebElement)" because "this.testutil" is null
at com.orangehrm.qa.pages.AttendancePage.clickOnCalender(AttendancePage.java:94)
at com.orangehrm.qa.testcases.AttendancePageTest.calandar(AttendancePageTest.java:48)
at java.base/jdk.internal.reflect.DirectMethodHandleAccessor.invoke(DirectMethodHandleAccessor.java:103)
at java.base/java.lang.reflect.Method.invoke(Method.java:580)
at org.testng.internal.MethodInvocationHelper.invokeMethod(MethodInvocationHelper.java:133)
at org.testng.internal.TestInvoker.invokeMethod(TestInvoker.java:598)
at org.testng.internal.TestInvoker.invokeTestMethod(TestInvoker.java:173)
at org.testng.internal.MethodRunner.runInSequence(MethodRunner.java:46)
at org.testng.internal.TestInvoker$MethodInvocationAgent.invoke(TestInvoker.java:824)
at org.testng.internal.TestInvoker.invokeTestMethods(TestInvoker.java:146)
at org.testng.internal.TestMethodWorker.invokeTestMethods(TestMethodWorker.java:146)
at org.testng.internal.TestMethodWorker.run(TestMethodWorker.java:128)
at java.base/java.util.ArrayList.forEach(ArrayList.java:1597)
at org.testng.TestRunner.privateRun(TestRunner.java:794)
at org.testng.TestRunner.run(TestRunner.java:596)
at org.testng.SuiteRunner.runTest(SuiteRunner.java:377)
at org.testng.SuiteRunner.runSequentially(SuiteRunner.java:371)
at org.testng.SuiteRunner.privateRun(SuiteRunner.java:332)
at org.testng.SuiteRunner.run(SuiteRunner.java:276)
at org.testng.SuiteRunnerWorker.runSuite(SuiteRunnerWorker.java:53)
at org.testng.SuiteRunnerWorker.run(SuiteRunnerWorker.java:96)
at org.testng.TestNG.runSuitesSequentially(TestNG.java:1212)
at org.testng.TestNG.runSuitesLocally(TestNG.java:1134)
at org.testng.TestNG.runSuites(TestNG.java:1063)
at org.testng.TestNG.run(TestNG.java:1031)
at org.testng.remote.AbstractRemoteTestNG.run(AbstractRemoteTestNG.java:115)
at org.testng.remote.RemoteTestNG.initAndRun(RemoteTestNG.java:293)
at org.testng.remote.RemoteTestNG.main(RemoteTestNG.java:91)
]]>
            </full-stacktrace>
          </exception> <!-- java.lang.NullPointerException -->
          <reporter-output>
          </reporter-output>
        </test-method> <!-- calandar -->
        <test-method is-config="true" signature="tearDown()[pri:0, instance:com.orangehrm.qa.testcases.AttendancePageTest@56aaaecd]" started-at="2024-12-11T11:50:12 IST" name="tearDown" finished-at="2024-12-11T11:50:15 IST" duration-ms="2384" status="PASS">
          <reporter-output>
          </reporter-output>
        </test-method> <!-- tearDown -->
        <test-method is-config="true" signature="SetUp()[pri:0, instance:com.orangehrm.qa.testcases.AttendancePageTest@56aaaecd]" started-at="2024-12-11T11:50:15 IST" name="SetUp" finished-at="2024-12-11T11:50:40 IST" duration-ms="24973" status="PASS">
          <reporter-output>
          </reporter-output>
        </test-method> <!-- SetUp -->
        <test-method signature="punchInHeaderTest()[pri:1, instance:com.orangehrm.qa.testcases.AttendancePageTest@56aaaecd]" started-at="2024-12-11T11:50:40 IST" name="punchInHeaderTest" finished-at="2024-12-11T11:50:41 IST" duration-ms="1239" status="PASS">
          <reporter-output>
          </reporter-output>
        </test-method> <!-- punchInHeaderTest -->
        <test-method is-config="true" signature="tearDown()[pri:0, instance:com.orangehrm.qa.testcases.AttendancePageTest@56aaaecd]" started-at="2024-12-11T11:50:41 IST" name="tearDown" finished-at="2024-12-11T11:50:43 IST" duration-ms="1702" status="PASS">
          <reporter-output>
          </reporter-output>
        </test-method> <!-- tearDown -->
        <test-method is-config="true" signature="SetUp()[pri:0, instance:com.orangehrm.qa.testcases.AttendancePageTest@56aaaecd]" started-at="2024-12-11T11:50:43 IST" name="SetUp" finished-at="2024-12-11T11:51:03 IST" duration-ms="20765" status="PASS">
          <reporter-output>
          </reporter-output>
        </test-method> <!-- SetUp -->
        <test-method signature="dateLabelTest()[pri:2, instance:com.orangehrm.qa.testcases.AttendancePageTest@56aaaecd]" started-at="2024-12-11T11:51:03 IST" name="dateLabelTest" finished-at="2024-12-11T11:51:04 IST" duration-ms="783" status="PASS">
          <reporter-output>
          </reporter-output>
        </test-method> <!-- dateLabelTest -->
        <test-method is-config="true" signature="tearDown()[pri:0, instance:com.orangehrm.qa.testcases.AttendancePageTest@56aaaecd]" started-at="2024-12-11T11:51:04 IST" name="tearDown" finished-at="2024-12-11T11:51:06 IST" duration-ms="1565" status="PASS">
          <reporter-output>
          </reporter-output>
        </test-method> <!-- tearDown -->
        <test-method is-config="true" signature="SetUp()[pri:0, instance:com.orangehrm.qa.testcases.AttendancePageTest@56aaaecd]" started-at="2024-12-11T11:51:06 IST" name="SetUp" finished-at="2024-12-11T11:51:30 IST" duration-ms="23605" status="PASS">
          <reporter-output>
          </reporter-output>
        </test-method> <!-- SetUp -->
        <test-method signature="timeLabelTest()[pri:3, instance:com.orangehrm.qa.testcases.AttendancePageTest@56aaaecd]" started-at="2024-12-11T11:51:30 IST" name="timeLabelTest" finished-at="2024-12-11T11:51:31 IST" duration-ms="1285" status="PASS">
          <reporter-output>
          </reporter-output>
        </test-method> <!-- timeLabelTest -->
        <test-method is-config="true" signature="tearDown()[pri:0, instance:com.orangehrm.qa.testcases.AttendancePageTest@56aaaecd]" started-at="2024-12-11T11:51:31 IST" name="tearDown" finished-at="2024-12-11T11:51:33 IST" duration-ms="1742" status="PASS">
          <reporter-output>
          </reporter-output>
        </test-method> <!-- tearDown -->
        <test-method is-config="true" signature="SetUp()[pri:0, instance:com.orangehrm.qa.testcases.AttendancePageTest@56aaaecd]" started-at="2024-12-11T11:51:33 IST" name="SetUp" finished-at="2024-12-11T11:51:54 IST" duration-ms="21775" status="PASS">
          <reporter-output>
          </reporter-output>
        </test-method> <!-- SetUp -->
        <test-method signature="noteLabelTest()[pri:4, instance:com.orangehrm.qa.testcases.AttendancePageTest@56aaaecd]" started-at="2024-12-11T11:51:54 IST" name="noteLabelTest" finished-at="2024-12-11T11:51:55 IST" duration-ms="664" status="PASS">
          <reporter-output>
          </reporter-output>
        </test-method> <!-- noteLabelTest -->
        <test-method is-config="true" signature="tearDown()[pri:0, instance:com.orangehrm.qa.testcases.AttendancePageTest@56aaaecd]" started-at="2024-12-11T11:51:55 IST" name="tearDown" finished-at="2024-12-11T11:51:56 IST" duration-ms="1219" status="PASS">
          <reporter-output>
          </reporter-output>
        </test-method> <!-- tearDown -->
        <test-method is-config="true" signature="SetUp()[pri:0, instance:com.orangehrm.qa.testcases.AttendancePageTest@56aaaecd]" started-at="2024-12-11T11:51:56 IST" name="SetUp" finished-at="2024-12-11T11:52:32 IST" duration-ms="35395" status="PASS">
          <reporter-output>
          </reporter-output>
        </test-method> <!-- SetUp -->
        <test-method signature="textAreaTest()[pri:5, instance:com.orangehrm.qa.testcases.AttendancePageTest@56aaaecd]" started-at="2024-12-11T11:52:32 IST" name="textAreaTest" finished-at="2024-12-11T11:52:47 IST" duration-ms="15240" status="PASS">
          <reporter-output>
          </reporter-output>
        </test-method> <!-- textAreaTest -->
        <test-method is-config="true" signature="tearDown()[pri:0, instance:com.orangehrm.qa.testcases.AttendancePageTest@56aaaecd]" started-at="2024-12-11T11:52:47 IST" name="tearDown" finished-at="2024-12-11T11:52:48 IST" duration-ms="1302" status="PASS">
          <reporter-output>
          </reporter-output>
        </test-method> <!-- tearDown -->
        <test-method is-config="true" signature="SetUp()[pri:0, instance:com.orangehrm.qa.testcases.AttendancePageTest@56aaaecd]" started-at="2024-12-11T11:52:48 IST" name="SetUp" finished-at="2024-12-11T11:53:09 IST" duration-ms="20899" status="PASS">
          <reporter-output>
          </reporter-output>
        </test-method> <!-- SetUp -->
        <test-method signature="requiredLabelTest()[pri:6, instance:com.orangehrm.qa.testcases.AttendancePageTest@56aaaecd]" started-at="2024-12-11T11:53:09 IST" name="requiredLabelTest" finished-at="2024-12-11T11:53:10 IST" duration-ms="833" status="PASS">
          <reporter-output>
          </reporter-output>
        </test-method> <!-- requiredLabelTest -->
        <test-method is-config="true" signature="tearDown()[pri:0, instance:com.orangehrm.qa.testcases.AttendancePageTest@56aaaecd]" started-at="2024-12-11T11:53:10 IST" name="tearDown" finished-at="2024-12-11T11:53:11 IST" duration-ms="945" status="PASS">
          <reporter-output>
          </reporter-output>
        </test-method> <!-- tearDown -->
        <test-method is-config="true" signature="SetUp()[pri:0, instance:com.orangehrm.qa.testcases.AttendancePageTest@56aaaecd]" started-at="2024-12-11T11:53:11 IST" name="SetUp" finished-at="2024-12-11T11:53:52 IST" duration-ms="40825" status="PASS">
          <reporter-output>
          </reporter-output>
        </test-method> <!-- SetUp -->
        <test-method signature="clickOnInTest()[pri:7, instance:com.orangehrm.qa.testcases.AttendancePageTest@56aaaecd]" started-at="2024-12-11T11:53:52 IST" name="clickOnInTest" finished-at="2024-12-11T11:53:59 IST" duration-ms="7047" status="PASS">
          <reporter-output>
          </reporter-output>
        </test-method> <!-- clickOnInTest -->
        <test-method is-config="true" signature="tearDown()[pri:0, instance:com.orangehrm.qa.testcases.AttendancePageTest@56aaaecd]" started-at="2024-12-11T11:53:59 IST" name="tearDown" finished-at="2024-12-11T11:54:01 IST" duration-ms="2480" status="PASS">
          <reporter-output>
          </reporter-output>
        </test-method> <!-- tearDown -->
      </class> <!-- com.orangehrm.qa.testcases.AttendancePageTest -->
      <class name="com.orangehrm.qa.testcases.DashboardPageTest">
        <test-method is-config="true" signature="SetUp()[pri:0, instance:com.orangehrm.qa.testcases.DashboardPageTest@3569fc08]" started-at="2024-12-11T11:20:09 IST" name="SetUp" finished-at="2024-12-11T11:20:29 IST" duration-ms="20037" status="PASS">
          <reporter-output>
          </reporter-output>
        </test-method> <!-- SetUp -->
        <test-method signature="upgradeLinkTest()[pri:1, instance:com.orangehrm.qa.testcases.DashboardPageTest@3569fc08]" started-at="2024-12-11T11:20:29 IST" name="upgradeLinkTest" finished-at="2024-12-11T11:20:40 IST" duration-ms="11284" status="PASS">
          <reporter-output>
          </reporter-output>
        </test-method> <!-- upgradeLinkTest -->
        <test-method is-config="true" signature="tearDown()[pri:0, instance:com.orangehrm.qa.testcases.DashboardPageTest@3569fc08]" started-at="2024-12-11T11:20:40 IST" name="tearDown" finished-at="2024-12-11T11:20:44 IST" duration-ms="4024" status="PASS">
          <reporter-output>
          </reporter-output>
        </test-method> <!-- tearDown -->
        <test-method is-config="true" signature="SetUp()[pri:0, instance:com.orangehrm.qa.testcases.DashboardPageTest@3569fc08]" started-at="2024-12-11T11:20:44 IST" name="SetUp" finished-at="2024-12-11T11:21:02 IST" duration-ms="18127" status="PASS">
          <reporter-output>
          </reporter-output>
        </test-method> <!-- SetUp -->
        <test-method signature="labelUsernameTest()[pri:2, instance:com.orangehrm.qa.testcases.DashboardPageTest@3569fc08]" started-at="2024-12-11T11:21:02 IST" name="labelUsernameTest" finished-at="2024-12-11T11:21:05 IST" duration-ms="2277" status="PASS">
          <reporter-output>
          </reporter-output>
        </test-method> <!-- labelUsernameTest -->
        <test-method is-config="true" signature="tearDown()[pri:0, instance:com.orangehrm.qa.testcases.DashboardPageTest@3569fc08]" started-at="2024-12-11T11:21:05 IST" name="tearDown" finished-at="2024-12-11T11:21:06 IST" duration-ms="1571" status="PASS">
          <reporter-output>
          </reporter-output>
        </test-method> <!-- tearDown -->
        <test-method is-config="true" signature="SetUp()[pri:0, instance:com.orangehrm.qa.testcases.DashboardPageTest@3569fc08]" started-at="2024-12-11T11:21:06 IST" name="SetUp" finished-at="2024-12-11T11:21:25 IST" duration-ms="19306" status="PASS">
          <reporter-output>
          </reporter-output>
        </test-method> <!-- SetUp -->
        <test-method signature="labelUsernameImageTest()[pri:3, instance:com.orangehrm.qa.testcases.DashboardPageTest@3569fc08]" started-at="2024-12-11T11:21:25 IST" name="labelUsernameImageTest" finished-at="2024-12-11T11:21:26 IST" duration-ms="830" status="PASS">
          <reporter-output>
          </reporter-output>
        </test-method> <!-- labelUsernameImageTest -->
        <test-method is-config="true" signature="tearDown()[pri:0, instance:com.orangehrm.qa.testcases.DashboardPageTest@3569fc08]" started-at="2024-12-11T11:21:26 IST" name="tearDown" finished-at="2024-12-11T11:21:28 IST" duration-ms="1243" status="PASS">
          <reporter-output>
          </reporter-output>
        </test-method> <!-- tearDown -->
        <test-method is-config="true" signature="SetUp()[pri:0, instance:com.orangehrm.qa.testcases.DashboardPageTest@3569fc08]" started-at="2024-12-11T11:21:28 IST" name="SetUp" finished-at="2024-12-11T11:21:42 IST" duration-ms="14854" status="PASS">
          <reporter-output>
          </reporter-output>
        </test-method> <!-- SetUp -->
        <test-method signature="labelUsernameDropdownIconTest()[pri:4, instance:com.orangehrm.qa.testcases.DashboardPageTest@3569fc08]" started-at="2024-12-11T11:21:42 IST" name="labelUsernameDropdownIconTest" finished-at="2024-12-11T11:21:46 IST" duration-ms="3164" status="PASS">
          <reporter-output>
          </reporter-output>
        </test-method> <!-- labelUsernameDropdownIconTest -->
        <test-method is-config="true" signature="tearDown()[pri:0, instance:com.orangehrm.qa.testcases.DashboardPageTest@3569fc08]" started-at="2024-12-11T11:21:46 IST" name="tearDown" finished-at="2024-12-11T11:21:48 IST" duration-ms="2207" status="PASS">
          <reporter-output>
          </reporter-output>
        </test-method> <!-- tearDown -->
        <test-method is-config="true" signature="SetUp()[pri:0, instance:com.orangehrm.qa.testcases.DashboardPageTest@3569fc08]" started-at="2024-12-11T11:21:48 IST" name="SetUp" finished-at="2024-12-11T11:22:13 IST" duration-ms="24983" status="PASS">
          <reporter-output>
          </reporter-output>
        </test-method> <!-- SetUp -->
        <test-method signature="helpButtonTest()[pri:5, instance:com.orangehrm.qa.testcases.DashboardPageTest@3569fc08]" started-at="2024-12-11T11:22:13 IST" name="helpButtonTest" finished-at="2024-12-11T11:22:27 IST" duration-ms="14737" status="PASS">
          <reporter-output>
          </reporter-output>
        </test-method> <!-- helpButtonTest -->
        <test-method is-config="true" signature="tearDown()[pri:0, instance:com.orangehrm.qa.testcases.DashboardPageTest@3569fc08]" started-at="2024-12-11T11:22:27 IST" name="tearDown" finished-at="2024-12-11T11:22:30 IST" duration-ms="2537" status="PASS">
          <reporter-output>
          </reporter-output>
        </test-method> <!-- tearDown -->
        <test-method is-config="true" signature="SetUp()[pri:0, instance:com.orangehrm.qa.testcases.DashboardPageTest@3569fc08]" started-at="2024-12-11T11:22:30 IST" name="SetUp" finished-at="2024-12-11T11:22:58 IST" duration-ms="27488" status="PASS">
          <reporter-output>
          </reporter-output>
        </test-method> <!-- SetUp -->
        <test-method signature="headerDropdownAboutTest()[pri:6, instance:com.orangehrm.qa.testcases.DashboardPageTest@3569fc08]" started-at="2024-12-11T11:22:58 IST" name="headerDropdownAboutTest" finished-at="2024-12-11T11:23:12 IST" duration-ms="14047" status="PASS">
          <reporter-output>
          </reporter-output>
        </test-method> <!-- headerDropdownAboutTest -->
        <test-method is-config="true" signature="tearDown()[pri:0, instance:com.orangehrm.qa.testcases.DashboardPageTest@3569fc08]" started-at="2024-12-11T11:23:12 IST" name="tearDown" finished-at="2024-12-11T11:23:15 IST" duration-ms="3153" status="PASS">
          <reporter-output>
          </reporter-output>
        </test-method> <!-- tearDown -->
        <test-method is-config="true" signature="SetUp()[pri:0, instance:com.orangehrm.qa.testcases.DashboardPageTest@3569fc08]" started-at="2024-12-11T11:23:15 IST" name="SetUp" finished-at="2024-12-11T11:23:32 IST" duration-ms="17495" status="PASS">
          <reporter-output>
          </reporter-output>
        </test-method> <!-- SetUp -->
        <test-method signature="headerDropdownSupportTest()[pri:7, instance:com.orangehrm.qa.testcases.DashboardPageTest@3569fc08]" started-at="2024-12-11T11:23:32 IST" name="headerDropdownSupportTest" finished-at="2024-12-11T11:23:39 IST" duration-ms="7116" status="PASS">
          <reporter-output>
          </reporter-output>
        </test-method> <!-- headerDropdownSupportTest -->
        <test-method is-config="true" signature="tearDown()[pri:0, instance:com.orangehrm.qa.testcases.DashboardPageTest@3569fc08]" started-at="2024-12-11T11:23:39 IST" name="tearDown" finished-at="2024-12-11T11:23:40 IST" duration-ms="963" status="PASS">
          <reporter-output>
          </reporter-output>
        </test-method> <!-- tearDown -->
        <test-method is-config="true" signature="SetUp()[pri:0, instance:com.orangehrm.qa.testcases.DashboardPageTest@3569fc08]" started-at="2024-12-11T11:23:40 IST" name="SetUp" finished-at="2024-12-11T11:23:54 IST" duration-ms="13670" status="PASS">
          <reporter-output>
          </reporter-output>
        </test-method> <!-- SetUp -->
        <test-method signature="headerDropdownChangePasswordTest()[pri:8, instance:com.orangehrm.qa.testcases.DashboardPageTest@3569fc08]" started-at="2024-12-11T11:23:54 IST" name="headerDropdownChangePasswordTest" finished-at="2024-12-11T11:24:02 IST" duration-ms="7987" status="PASS">
          <reporter-output>
          </reporter-output>
        </test-method> <!-- headerDropdownChangePasswordTest -->
        <test-method is-config="true" signature="tearDown()[pri:0, instance:com.orangehrm.qa.testcases.DashboardPageTest@3569fc08]" started-at="2024-12-11T11:24:02 IST" name="tearDown" finished-at="2024-12-11T11:24:05 IST" duration-ms="3194" status="PASS">
          <reporter-output>
          </reporter-output>
        </test-method> <!-- tearDown -->
        <test-method is-config="true" signature="SetUp()[pri:0, instance:com.orangehrm.qa.testcases.DashboardPageTest@3569fc08]" started-at="2024-12-11T11:24:05 IST" name="SetUp" finished-at="2024-12-11T11:24:23 IST" duration-ms="17765" status="PASS">
          <reporter-output>
          </reporter-output>
        </test-method> <!-- SetUp -->
        <test-method signature="headerDropdownLogout()[pri:9, instance:com.orangehrm.qa.testcases.DashboardPageTest@3569fc08]" started-at="2024-12-11T11:24:23 IST" name="headerDropdownLogout" finished-at="2024-12-11T11:24:32 IST" duration-ms="9517" status="PASS">
          <reporter-output>
          </reporter-output>
        </test-method> <!-- headerDropdownLogout -->
        <test-method is-config="true" signature="tearDown()[pri:0, instance:com.orangehrm.qa.testcases.DashboardPageTest@3569fc08]" started-at="2024-12-11T11:24:32 IST" name="tearDown" finished-at="2024-12-11T11:24:34 IST" duration-ms="1969" status="PASS">
          <reporter-output>
          </reporter-output>
        </test-method> <!-- tearDown -->
        <test-method is-config="true" signature="SetUp()[pri:0, instance:com.orangehrm.qa.testcases.DashboardPageTest@3569fc08]" started-at="2024-12-11T11:24:34 IST" name="SetUp" finished-at="2024-12-11T11:24:46 IST" duration-ms="11935" status="PASS">
          <reporter-output>
          </reporter-output>
        </test-method> <!-- SetUp -->
        <test-method signature="timeAtWorkclockIconTest()[pri:10, instance:com.orangehrm.qa.testcases.DashboardPageTest@3569fc08]" started-at="2024-12-11T11:24:46 IST" name="timeAtWorkclockIconTest" finished-at="2024-12-11T11:24:49 IST" duration-ms="2207" status="PASS">
          <reporter-output>
          </reporter-output>
        </test-method> <!-- timeAtWorkclockIconTest -->
        <test-method is-config="true" signature="tearDown()[pri:0, instance:com.orangehrm.qa.testcases.DashboardPageTest@3569fc08]" started-at="2024-12-11T11:24:49 IST" name="tearDown" finished-at="2024-12-11T11:24:50 IST" duration-ms="1493" status="PASS">
          <reporter-output>
          </reporter-output>
        </test-method> <!-- tearDown -->
        <test-method is-config="true" signature="SetUp()[pri:0, instance:com.orangehrm.qa.testcases.DashboardPageTest@3569fc08]" started-at="2024-12-11T11:24:50 IST" name="SetUp" finished-at="2024-12-11T11:25:14 IST" duration-ms="23539" status="PASS">
          <reporter-output>
          </reporter-output>
        </test-method> <!-- SetUp -->
        <test-method signature="timeAtWorkLabelTest()[pri:11, instance:com.orangehrm.qa.testcases.DashboardPageTest@3569fc08]" started-at="2024-12-11T11:25:14 IST" name="timeAtWorkLabelTest" finished-at="2024-12-11T11:25:19 IST" duration-ms="5412" status="PASS">
          <reporter-output>
          </reporter-output>
        </test-method> <!-- timeAtWorkLabelTest -->
        <test-method is-config="true" signature="tearDown()[pri:0, instance:com.orangehrm.qa.testcases.DashboardPageTest@3569fc08]" started-at="2024-12-11T11:25:19 IST" name="tearDown" finished-at="2024-12-11T11:25:21 IST" duration-ms="2085" status="PASS">
          <reporter-output>
          </reporter-output>
        </test-method> <!-- tearDown -->
        <test-method is-config="true" signature="SetUp()[pri:0, instance:com.orangehrm.qa.testcases.DashboardPageTest@3569fc08]" started-at="2024-12-11T11:25:21 IST" name="SetUp" finished-at="2024-12-11T11:25:35 IST" duration-ms="13666" status="PASS">
          <reporter-output>
          </reporter-output>
        </test-method> <!-- SetUp -->
        <test-method signature="imageUserTimeAtWorkTest()[pri:12, instance:com.orangehrm.qa.testcases.DashboardPageTest@3569fc08]" started-at="2024-12-11T11:25:35 IST" name="imageUserTimeAtWorkTest" finished-at="2024-12-11T11:25:37 IST" duration-ms="1987" status="PASS">
          <reporter-output>
          </reporter-output>
        </test-method> <!-- imageUserTimeAtWorkTest -->
        <test-method is-config="true" signature="tearDown()[pri:0, instance:com.orangehrm.qa.testcases.DashboardPageTest@3569fc08]" started-at="2024-12-11T11:25:37 IST" name="tearDown" finished-at="2024-12-11T11:25:38 IST" duration-ms="1543" status="PASS">
          <reporter-output>
          </reporter-output>
        </test-method> <!-- tearDown -->
        <test-method is-config="true" signature="SetUp()[pri:0, instance:com.orangehrm.qa.testcases.DashboardPageTest@3569fc08]" started-at="2024-12-11T11:25:38 IST" name="SetUp" finished-at="2024-12-11T11:25:52 IST" duration-ms="13571" status="PASS">
          <reporter-output>
          </reporter-output>
        </test-method> <!-- SetUp -->
        <test-method signature="punchedOutLabelTest()[pri:13, instance:com.orangehrm.qa.testcases.DashboardPageTest@3569fc08]" started-at="2024-12-11T11:25:52 IST" name="punchedOutLabelTest" finished-at="2024-12-11T11:25:56 IST" duration-ms="3691" status="PASS">
          <reporter-output>
          </reporter-output>
        </test-method> <!-- punchedOutLabelTest -->
        <test-method is-config="true" signature="tearDown()[pri:0, instance:com.orangehrm.qa.testcases.DashboardPageTest@3569fc08]" started-at="2024-12-11T11:25:56 IST" name="tearDown" finished-at="2024-12-11T11:25:58 IST" duration-ms="2078" status="PASS">
          <reporter-output>
          </reporter-output>
        </test-method> <!-- tearDown -->
        <test-method is-config="true" signature="SetUp()[pri:0, instance:com.orangehrm.qa.testcases.DashboardPageTest@3569fc08]" started-at="2024-12-11T11:25:58 IST" name="SetUp" finished-at="2024-12-11T11:26:15 IST" duration-ms="17057" status="PASS">
          <reporter-output>
          </reporter-output>
        </test-method> <!-- SetUp -->
        <test-method signature="punchedOutTimeTest()[pri:14, instance:com.orangehrm.qa.testcases.DashboardPageTest@3569fc08]" started-at="2024-12-11T11:26:15 IST" name="punchedOutTimeTest" finished-at="2024-12-11T11:26:20 IST" duration-ms="5492" status="PASS">
          <reporter-output>
          </reporter-output>
        </test-method> <!-- punchedOutTimeTest -->
        <test-method is-config="true" signature="tearDown()[pri:0, instance:com.orangehrm.qa.testcases.DashboardPageTest@3569fc08]" started-at="2024-12-11T11:26:20 IST" name="tearDown" finished-at="2024-12-11T11:26:24 IST" duration-ms="4084" status="PASS">
          <reporter-output>
          </reporter-output>
        </test-method> <!-- tearDown -->
        <test-method is-config="true" signature="SetUp()[pri:0, instance:com.orangehrm.qa.testcases.DashboardPageTest@3569fc08]" started-at="2024-12-11T11:26:24 IST" name="SetUp" finished-at="2024-12-11T11:26:38 IST" duration-ms="13656" status="PASS">
          <reporter-output>
          </reporter-output>
        </test-method> <!-- SetUp -->
        <test-method signature="timeTodayTest()[pri:15, instance:com.orangehrm.qa.testcases.DashboardPageTest@3569fc08]" started-at="2024-12-11T11:26:38 IST" name="timeTodayTest" finished-at="2024-12-11T11:26:41 IST" duration-ms="2647" status="PASS">
          <reporter-output>
          </reporter-output>
        </test-method> <!-- timeTodayTest -->
        <test-method is-config="true" signature="tearDown()[pri:0, instance:com.orangehrm.qa.testcases.DashboardPageTest@3569fc08]" started-at="2024-12-11T11:26:41 IST" name="tearDown" finished-at="2024-12-11T11:26:44 IST" duration-ms="3436" status="PASS">
          <reporter-output>
          </reporter-output>
        </test-method> <!-- tearDown -->
        <test-method is-config="true" signature="SetUp()[pri:0, instance:com.orangehrm.qa.testcases.DashboardPageTest@3569fc08]" started-at="2024-12-11T11:26:44 IST" name="SetUp" finished-at="2024-12-11T11:26:58 IST" duration-ms="14247" status="PASS">
          <reporter-output>
          </reporter-output>
        </test-method> <!-- SetUp -->
        <test-method signature="thisWeekTest()[pri:16, instance:com.orangehrm.qa.testcases.DashboardPageTest@3569fc08]" started-at="2024-12-11T11:26:58 IST" name="thisWeekTest" finished-at="2024-12-11T11:27:03 IST" duration-ms="4549" status="PASS">
          <reporter-output>
          </reporter-output>
        </test-method> <!-- thisWeekTest -->
        <test-method is-config="true" signature="tearDown()[pri:0, instance:com.orangehrm.qa.testcases.DashboardPageTest@3569fc08]" started-at="2024-12-11T11:27:03 IST" name="tearDown" finished-at="2024-12-11T11:27:07 IST" duration-ms="3962" status="PASS">
          <reporter-output>
          </reporter-output>
        </test-method> <!-- tearDown -->
        <test-method is-config="true" signature="SetUp()[pri:0, instance:com.orangehrm.qa.testcases.DashboardPageTest@3569fc08]" started-at="2024-12-11T11:27:07 IST" name="SetUp" finished-at="2024-12-11T11:27:20 IST" duration-ms="13636" status="PASS">
          <reporter-output>
          </reporter-output>
        </test-method> <!-- SetUp -->
        <test-method signature="employeeAttendanceChartTest()[pri:17, instance:com.orangehrm.qa.testcases.DashboardPageTest@3569fc08]" started-at="2024-12-11T11:27:20 IST" name="employeeAttendanceChartTest" finished-at="2024-12-11T11:27:23 IST" duration-ms="2910" status="PASS">
          <reporter-output>
          </reporter-output>
        </test-method> <!-- employeeAttendanceChartTest -->
        <test-method is-config="true" signature="tearDown()[pri:0, instance:com.orangehrm.qa.testcases.DashboardPageTest@3569fc08]" started-at="2024-12-11T11:27:23 IST" name="tearDown" finished-at="2024-12-11T11:27:25 IST" duration-ms="1968" status="PASS">
          <reporter-output>
          </reporter-output>
        </test-method> <!-- tearDown -->
        <test-method is-config="true" signature="SetUp()[pri:0, instance:com.orangehrm.qa.testcases.DashboardPageTest@3569fc08]" started-at="2024-12-11T11:27:25 IST" name="SetUp" finished-at="2024-12-11T11:27:45 IST" duration-ms="19683" status="PASS">
          <reporter-output>
          </reporter-output>
        </test-method> <!-- SetUp -->
        <test-method signature="stopWatchTest()[pri:18, instance:com.orangehrm.qa.testcases.DashboardPageTest@3569fc08]" started-at="2024-12-11T11:27:45 IST" name="stopWatchTest" finished-at="2024-12-11T11:28:25 IST" duration-ms="39550" status="FAIL">
          <exception class="org.openqa.selenium.NoSuchElementException">
            <message>
              <![CDATA[no such element: Unable to locate element: {"method":"xpath","selector":"//h6[normalize-space()='Punch In']"}
  (Session info: chrome=131.0.6778.139)
For documentation on this error, please visit: https://www.selenium.dev/documentation/webdriver/troubleshooting/errors#no-such-element-exception
Build info: version: '4.27.0', revision: 'd6e718d134'
System info: os.name: 'Windows 10', os.arch: 'amd64', os.version: '10.0', java.version: '23'
Driver info: org.openqa.selenium.chrome.ChromeDriver
Command: [a222bfa3b1a8c851b921969db485461d, findElement {value=//h6[normalize-space()='Punch In'], using=xpath}]
Capabilities {acceptInsecureCerts: false, browserName: chrome, browserVersion: 131.0.6778.139, chrome: {chromedriverVersion: 131.0.6778.85 (3d81e41b6f3a..., userDataDir: C:\Users\yuvan\AppData\Loca...}, fedcm:accounts: true, goog:chromeOptions: {debuggerAddress: localhost:51415}, networkConnectionEnabled: false, pageLoadStrategy: normal, platformName: windows, proxy: Proxy(), se:cdp: ws://localhost:51415/devtoo..., se:cdpVersion: 131.0.6778.139, setWindowRect: true, strictFileInteractability: false, timeouts: {implicit: 0, pageLoad: 300000, script: 30000}, unhandledPromptBehavior: dismiss and notify, webauthn:extension:credBlob: true, webauthn:extension:largeBlob: true, webauthn:extension:minPinLength: true, webauthn:extension:prf: true, webauthn:virtualAuthenticators: true}
Session ID: a222bfa3b1a8c851b921969db485461d]]>
            </message>
            <full-stacktrace>
              <![CDATA[org.openqa.selenium.NoSuchElementException: no such element: Unable to locate element: {"method":"xpath","selector":"//h6[normalize-space()='Punch In']"}
  (Session info: chrome=131.0.6778.139)
For documentation on this error, please visit: https://www.selenium.dev/documentation/webdriver/troubleshooting/errors#no-such-element-exception
Build info: version: '4.27.0', revision: 'd6e718d134'
System info: os.name: 'Windows 10', os.arch: 'amd64', os.version: '10.0', java.version: '23'
Driver info: org.openqa.selenium.chrome.ChromeDriver
Command: [a222bfa3b1a8c851b921969db485461d, findElement {value=//h6[normalize-space()='Punch In'], using=xpath}]
Capabilities {acceptInsecureCerts: false, browserName: chrome, browserVersion: 131.0.6778.139, chrome: {chromedriverVersion: 131.0.6778.85 (3d81e41b6f3a..., userDataDir: C:\Users\yuvan\AppData\Loca...}, fedcm:accounts: true, goog:chromeOptions: {debuggerAddress: localhost:51415}, networkConnectionEnabled: false, pageLoadStrategy: normal, platformName: windows, proxy: Proxy(), se:cdp: ws://localhost:51415/devtoo..., se:cdpVersion: 131.0.6778.139, setWindowRect: true, strictFileInteractability: false, timeouts: {implicit: 0, pageLoad: 300000, script: 30000}, unhandledPromptBehavior: dismiss and notify, webauthn:extension:credBlob: true, webauthn:extension:largeBlob: true, webauthn:extension:minPinLength: true, webauthn:extension:prf: true, webauthn:virtualAuthenticators: true}
Session ID: a222bfa3b1a8c851b921969db485461d
at java.base/jdk.internal.reflect.DirectConstructorHandleAccessor.newInstance(DirectConstructorHandleAccessor.java:62)
at java.base/java.lang.reflect.Constructor.newInstanceWithCaller(Constructor.java:501)
at java.base/java.lang.reflect.Constructor.newInstance(Constructor.java:485)
at org.openqa.selenium.remote.ErrorCodec.decode(ErrorCodec.java:167)
at org.openqa.selenium.remote.codec.w3c.W3CHttpResponseCodec.decode(W3CHttpResponseCodec.java:138)
at org.openqa.selenium.remote.codec.w3c.W3CHttpResponseCodec.decode(W3CHttpResponseCodec.java:50)
at org.openqa.selenium.remote.HttpCommandExecutor.execute(HttpCommandExecutor.java:190)
at org.openqa.selenium.remote.service.DriverCommandExecutor.invokeExecute(DriverCommandExecutor.java:216)
at org.openqa.selenium.remote.service.DriverCommandExecutor.execute(DriverCommandExecutor.java:174)
at org.openqa.selenium.remote.RemoteWebDriver.execute(RemoteWebDriver.java:545)
at org.openqa.selenium.remote.ElementLocation$ElementFinder$2.findElement(ElementLocation.java:165)
at org.openqa.selenium.remote.ElementLocation.findElement(ElementLocation.java:59)
at org.openqa.selenium.remote.RemoteWebDriver.findElement(RemoteWebDriver.java:368)
at org.openqa.selenium.remote.RemoteWebDriver.findElement(RemoteWebDriver.java:362)
at org.openqa.selenium.support.pagefactory.DefaultElementLocator.findElement(DefaultElementLocator.java:68)
at org.openqa.selenium.support.pagefactory.internal.LocatingElementHandler.invoke(LocatingElementHandler.java:38)
at jdk.proxy2/jdk.proxy2.$Proxy28.isDisplayed(Unknown Source)
at com.orangehrm.qa.pages.AttendancePage.punchInHeader(AttendancePage.java:40)
at com.orangehrm.qa.testcases.DashboardPageTest.stopWatchTest(DashboardPageTest.java:213)
at java.base/jdk.internal.reflect.DirectMethodHandleAccessor.invoke(DirectMethodHandleAccessor.java:103)
at java.base/java.lang.reflect.Method.invoke(Method.java:580)
at org.testng.internal.MethodInvocationHelper.invokeMethod(MethodInvocationHelper.java:133)
at org.testng.internal.TestInvoker.invokeMethod(TestInvoker.java:598)
at org.testng.internal.TestInvoker.invokeTestMethod(TestInvoker.java:173)
at org.testng.internal.MethodRunner.runInSequence(MethodRunner.java:46)
at org.testng.internal.TestInvoker$MethodInvocationAgent.invoke(TestInvoker.java:824)
at org.testng.internal.TestInvoker.invokeTestMethods(TestInvoker.java:146)
at org.testng.internal.TestMethodWorker.invokeTestMethods(TestMethodWorker.java:146)
at org.testng.internal.TestMethodWorker.run(TestMethodWorker.java:128)
at java.base/java.util.ArrayList.forEach(ArrayList.java:1597)
at org.testng.TestRunner.privateRun(TestRunner.java:794)
at org.testng.TestRunner.run(TestRunner.java:596)
at org.testng.SuiteRunner.runTest(SuiteRunner.java:377)
at org.testng.SuiteRunner.runSequentially(SuiteRunner.java:371)
at org.testng.SuiteRunner.privateRun(SuiteRunner.java:332)
at org.testng.SuiteRunner.run(SuiteRunner.java:276)
at org.testng.SuiteRunnerWorker.runSuite(SuiteRunnerWorker.java:53)
at org.testng.SuiteRunnerWorker.run(SuiteRunnerWorker.java:96)
at org.testng.TestNG.runSuitesSequentially(TestNG.java:1212)
at org.testng.TestNG.runSuitesLocally(TestNG.java:1134)
at org.testng.TestNG.runSuites(TestNG.java:1063)
at org.testng.TestNG.run(TestNG.java:1031)
at org.testng.remote.AbstractRemoteTestNG.run(AbstractRemoteTestNG.java:115)
at org.testng.remote.RemoteTestNG.initAndRun(RemoteTestNG.java:293)
at org.testng.remote.RemoteTestNG.main(RemoteTestNG.java:91)
]]>
            </full-stacktrace>
          </exception> <!-- org.openqa.selenium.NoSuchElementException -->
          <reporter-output>
          </reporter-output>
        </test-method> <!-- stopWatchTest -->
        <test-method is-config="true" signature="tearDown()[pri:0, instance:com.orangehrm.qa.testcases.DashboardPageTest@3569fc08]" started-at="2024-12-11T11:28:25 IST" name="tearDown" finished-at="2024-12-11T11:28:26 IST" duration-ms="762" status="PASS">
          <reporter-output>
          </reporter-output>
        </test-method> <!-- tearDown -->
      </class> <!-- com.orangehrm.qa.testcases.DashboardPageTest -->
    </test> <!-- Smoke -->
  </suite> <!-- OrangeHRM -->
</testng-results>
